#
# A fatal error has been detected by the Java Runtime Environment:
#
#  EXCEPTION_ACCESS_VIOLATION (0xc0000005) at pc=0x00007ff829d3be30, pid=2548, tid=13020
#
# JRE version: OpenJDK Runtime Environment Temurin-17.0.11+9 (17.0.11+9) (build 17.0.11+9)
# Java VM: OpenJDK 64-Bit Server VM Temurin-17.0.11+9 (17.0.11+9, mixed mode, tiered, compressed oops, compressed class ptrs, g1 gc, windows-amd64)
# Problematic frame:
# V  [jvm.dll+0x65be30]
#
# No core dump will be written. Minidumps are not enabled by default on client versions of Windows
#
# If you would like to submit a bug report, please visit:
#   https://github.com/adoptium/adoptium-support/issues
#

---------------  S U M M A R Y ------------

Command Line: --add-opens=java.base/java.util=ALL-UNNAMED --add-opens=java.base/java.lang=ALL-UNNAMED --add-opens=java.base/java.lang.invoke=ALL-UNNAMED --add-opens=java.prefs/java.util.prefs=ALL-UNNAMED --add-opens=java.base/java.nio.charset=ALL-UNNAMED --add-opens=java.base/java.net=ALL-UNNAMED --add-opens=java.base/java.util.concurrent.atomic=ALL-UNNAMED -XX:MaxMetaspaceSize=256m -XX:+HeapDumpOnOutOfMemoryError -Xms256m -Xmx512m -Dfile.encoding=utf8 -Duser.country=BR -Duser.language=pt -Duser.variant org.gradle.launcher.daemon.bootstrap.GradleDaemon 7.6.1

Host: Intel(R) Core(TM) i7-3770 CPU @ 3.40GHz, 8 cores, 31G,  Windows 10 , 64 bit Build 19041 (10.0.19041.3636)
Time: Thu Jun 13 22:04:10 2024 Hora oficial do Brasil elapsed time: 82.198173 seconds (0d 0h 1m 22s)

---------------  T H R E A D  ---------------

Current thread (0x00000153ef4f0470):  JavaThread "C2 CompilerThread2" daemon [_thread_in_native, id=13020, stack(0x0000002af5d00000,0x0000002af5e00000)]


Current CompileTask:
C2:  82198 15589 %     4       groovyjarjarantlr4.v4.runtime.atn.ParserATNSimulator::computeTargetState @ 190 (617 bytes)

Stack: [0x0000002af5d00000,0x0000002af5e00000],  sp=0x0000002af5dfb658,  free space=1005k
Native frames: (J=compiled Java code, j=interpreted, Vv=VM code, C=native code)
V  [jvm.dll+0x65be30]


siginfo: EXCEPTION_ACCESS_VIOLATION (0xc0000005), reading address 0xffffffffffffffff


Registers:
RAX=0x0000002af5dfbb40, RBX=0x00000153ea8a3be0, RCX=0x0010000000000000, RDX=0x0000002af5dfbe30
RSP=0x0000002af5dfb658, RBP=0x0000002af5dfb760, RSI=0x00000153ef97e750, RDI=0x00000153ea8a3bf0
R8 =0x0000000000000000, R9 =0x0000000000000000, R10=0x0000000000000001, R11=0x0000002af5dfb620
R12=0x000000000007a6b0, R13=0x0000000000000001, R14=0x0000000000000000, R15=0x0000002af5dfbed0
RIP=0x00007ff829d3be30, EFLAGS=0x0000000000010213


Register to memory mapping:

RIP=0x00007ff829d3be30 jvm.dll
RAX=0x0000002af5dfbb40 is pointing into the stack for thread: 0x00000153ef4f0470
RBX=0x00000153ea8a3be0 points into unknown readable memory: 0x0000000000000000 | 00 00 00 00 00 00 00 00
RCX=0x0010000000000000 is an unknown value
RDX=0x0000002af5dfbe30 is pointing into the stack for thread: 0x00000153ef4f0470
RSP=0x0000002af5dfb658 is pointing into the stack for thread: 0x00000153ef4f0470
RBP=0x0000002af5dfb760 is pointing into the stack for thread: 0x00000153ef4f0470
RSI=0x00000153ef97e750 points into unknown readable memory: 0x00007ff829ffc520 | 20 c5 ff 29 f8 7f 00 00
RDI=0x00000153ea8a3bf0 points into unknown readable memory: 0x00000153ea6d2c01 | 01 2c 6d ea 53 01 00 00
R8 =0x0 is NULL
R9 =0x0 is NULL
R10=0x0000000000000001 is an unknown value
R11=0x0000002af5dfb620 is pointing into the stack for thread: 0x00000153ef4f0470
R12=0x000000000007a6b0 is an unknown value
R13=0x0000000000000001 is an unknown value
R14=0x0 is NULL
R15=0x0000002af5dfbed0 is pointing into the stack for thread: 0x00000153ef4f0470


Top of Stack: (sp=0x0000002af5dfb658)
0x0000002af5dfb658:   00007ff829da903f 00000153ea8a3bb0
0x0000002af5dfb668:   ffffffffffffffef ffffffffffffffef
0x0000002af5dfb678:   00007ff82978c6c9 0000000000000048
0x0000002af5dfb688:   0000002a00000001 0000000000000000
0x0000002af5dfb698:   0000000000000000 0000000000000000
0x0000002af5dfb6a8:   0000000000000000 0000000000000000
0x0000002af5dfb6b8:   0000000000000000 00000153ef97e750
0x0000002af5dfb6c8:   0000000100000000 0000002af5dfb8e4
0x0000002af5dfb6d8:   0000000000000000 0000000000000003
0x0000002af5dfb6e8:   00007ff800000b21 0000002a00000000
0x0000002af5dfb6f8:   00000153ea8a3be0 00007ff800000000
0x0000002af5dfb708:   000000000007a6b0 000000000000001b
0x0000002af5dfb718:   00000153ea8a3bf0 00000153ea8a3ba0
0x0000002af5dfb728:   ffffffffffffffef 00000153ea8a1740
0x0000002af5dfb738:   00000153ea8a2970 00000153ea6bcee0
0x0000002af5dfb748:   00000153ea89df20 0000002af5dfbed0
0x0000002af5dfb758:   00000153ea8a3bb0 00000153edcbc830
0x0000002af5dfb768:   00000153edcbc7f0 0000000000000001
0x0000002af5dfb778:   0000000000000000 0000000000000577
0x0000002af5dfb788:   0000000000000003 0000000000000000
0x0000002af5dfb798:   0000000000000000 00000e0600000000
0x0000002af5dfb7a8:   00000153ea6c0700 0000002af5dfbc20
0x0000002af5dfb7b8:   00007ff829a4b6a8 00000153ea6c0700
0x0000002af5dfb7c8:   0000002af5dfbb40 00007ff82a263dc8
0x0000002af5dfb7d8:   ffffffffffffffff 00000153eff00390
0x0000002af5dfb7e8:   00007ff829a46850 000000000000033b
0x0000002af5dfb7f8:   00007ff891b41c4e 0000002af5dfbab0
0x0000002af5dfb808:   00007ff82978c655 0000002af5dfbc20
0x0000002af5dfb818:   00000153ef85e630 00000153ef85e640
0x0000002af5dfb828:   00000153ef85ea18 00000000000003d8
0x0000002af5dfb838:   00000000000003c0 000000000000000e
0x0000002af5dfb848:   00007ff829a4b6a8 0000002af5dfb8a0 

Instructions: (pc=0x00007ff829d3be30)
0x00007ff829d3bd30:   04 00 00 00 48 8b 43 18 48 83 f8 df 76 18 4c 8d
0x00007ff829d3bd40:   05 fb 7b 2b 00 ba 20 00 00 00 48 8b cb e8 9e 10
0x00007ff829d3bd50:   a5 ff 48 8b 43 18 48 8d 48 20 48 3b 4b 20 76 23
0x00007ff829d3bd60:   45 33 c0 48 8b cb 41 8d 50 20 e8 d1 0d a5 ff 48
0x00007ff829d3bd70:   89 46 10 48 8b 5c 24 48 48 8b 6c 24 50 48 83 c4
0x00007ff829d3bd80:   30 5e c3 48 89 4b 18 48 89 46 10 48 8b 5c 24 48
0x00007ff829d3bd90:   48 8b 6c 24 50 48 83 c4 30 5e c3 48 89 7c 24 40
0x00007ff829d3bda0:   8d 7d 01 85 ff 74 04 85 fd 74 0c 0f bd cf bf 01
0x00007ff829d3bdb0:   00 00 00 ff c1 d3 e7 48 8b 56 10 4c 8b c0 44 8b
0x00007ff829d3bdc0:   cf 48 8b cb 49 c1 e1 03 49 c1 e0 03 c7 44 24 20
0x00007ff829d3bdd0:   00 00 00 00 e8 c7 07 a5 ff 89 7e 24 48 89 46 10
0x00007ff829d3bde0:   48 8b 7c 24 40 48 8b 5c 24 48 48 8b 6c 24 50 48
0x00007ff829d3bdf0:   83 c4 30 5e c3 cc cc cc cc cc cc cc cc cc cc cc
0x00007ff829d3be00:   44 8b 41 2c 41 8b c0 24 07 3c 04 75 05 48 89 51
0x00007ff829d3be10:   38 c3 41 83 e0 3f 41 80 f8 30 75 04 48 89 51 48
0x00007ff829d3be20:   c3 cc cc cc cc cc cc cc cc cc cc cc cc cc cc cc
0x00007ff829d3be30:   8b 41 2c 24 03 3c 02 0f 84 a3 12 f4 ff 8b 41 30
0x00007ff829d3be40:   d1 e8 24 01 c3 cc cc cc cc cc cc cc cc cc cc cc
0x00007ff829d3be50:   48 89 5c 24 08 4c 8b 59 10 48 8b d9 44 8b 41 08
0x00007ff829d3be60:   8b c2 4d 8d 0c c3 8d 42 01 4d 8d 14 c3 41 8b c0
0x00007ff829d3be70:   2b c2 83 e8 01 74 25 66 0f 1f 84 00 00 00 00 00
0x00007ff829d3be80:   49 8b 0a 4d 8d 52 08 49 89 09 4d 8d 49 08 48 83
0x00007ff829d3be90:   e8 01 75 ec 44 8b 43 08 4c 8b 5b 10 48 8b 5c 24
0x00007ff829d3bea0:   08 41 8d 40 ff 49 c7 04 c3 00 00 00 00 c3 cc cc
0x00007ff829d3beb0:   48 89 5c 24 18 56 48 83 ec 20 48 8b d9 48 8b f2
0x00007ff829d3bec0:   8b 4a 28 8b c1 c1 e8 05 3b 43 20 73 4e 44 8b c0
0x00007ff829d3bed0:   83 e1 1f 48 8b 43 28 42 8b 04 80 0f a3 c8 73 3b
0x00007ff829d3bee0:   8b 43 18 33 d2 48 89 7c 24 38 85 c0 74 12 48 8b
0x00007ff829d3bef0:   4b 10 8b fa 48 39 34 d1 74 2c ff c2 3b d0 72 f2
0x00007ff829d3bf00:   ba bc 09 00 00 48 8d 0d a4 86 34 00 e8 ef bc be
0x00007ff829d3bf10:   ff e8 1a 10 02 00 48 8b 7c 24 38 48 8b 5c 24 40
0x00007ff829d3bf20:   48 83 c4 20 5e c3 ff c8 48 89 6c 24 30 89 43 18 


Stack slot to memory mapping:
stack at sp + 0 slots: 0x00007ff829da903f jvm.dll
stack at sp + 1 slots: 0x00000153ea8a3bb0 points into unknown readable memory: 0x00000153edcbc870 | 70 c8 cb ed 53 01 00 00
stack at sp + 2 slots: 0xffffffffffffffef is an unknown value
stack at sp + 3 slots: 0xffffffffffffffef is an unknown value
stack at sp + 4 slots: 0x00007ff82978c6c9 jvm.dll
stack at sp + 5 slots: 0x0000000000000048 is an unknown value
stack at sp + 6 slots: 0x0000002a00000001 is an unknown value
stack at sp + 7 slots: 0x0 is NULL


---------------  P R O C E S S  ---------------

Threads class SMR info:
_java_thread_list=0x00000153f00d2190, length=45, elements={
0x00000153cf6e0000, 0x00000153e5453740, 0x00000153e5454610, 0x00000153e543ead0,
0x00000153e5471580, 0x00000153e54780e0, 0x00000153e547a9c0, 0x00000153e547b5c0,
0x00000153e547dee0, 0x00000153e5480800, 0x00000153e55dfeb0, 0x00000153e55e0ba0,
0x00000153eb535dd0, 0x00000153eace2740, 0x00000153eb679910, 0x00000153eb68a040,
0x00000153ebd4ac20, 0x00000153ebe2c190, 0x00000153ebe29e20, 0x00000153ebe2cbb0,
0x00000153ebe2c6a0, 0x00000153ebe27ab0, 0x00000153ebe284d0, 0x00000153ebe2d0c0,
0x00000153ebe27fc0, 0x00000153ebe29910, 0x00000153ebe26b80, 0x00000153ebe29400,
0x00000153ebe2ad50, 0x00000153edd2ea40, 0x00000153edd29940, 0x00000153edd2d600,
0x00000153ef065220, 0x00000153eabacc40, 0x00000153ee8af830, 0x00000153ee8acaa0,
0x00000153ee8b0c70, 0x00000153ee8acfb0, 0x00000153ee8afd40, 0x00000153ee8b1180,
0x00000153ee8ad4c0, 0x00000153ee8ad9d0, 0x00000153ee8adee0, 0x00000153ef4f5420,
0x00000153ef4f0470
}

Java Threads: ( => current thread )
  0x00000153cf6e0000 JavaThread "main" [_thread_blocked, id=2664, stack(0x0000002af2b00000,0x0000002af2c00000)]
  0x00000153e5453740 JavaThread "Reference Handler" daemon [_thread_blocked, id=5148, stack(0x0000002af3200000,0x0000002af3300000)]
  0x00000153e5454610 JavaThread "Finalizer" daemon [_thread_blocked, id=6936, stack(0x0000002af3300000,0x0000002af3400000)]
  0x00000153e543ead0 JavaThread "Signal Dispatcher" daemon [_thread_blocked, id=7744, stack(0x0000002af3400000,0x0000002af3500000)]
  0x00000153e5471580 JavaThread "Attach Listener" daemon [_thread_blocked, id=10528, stack(0x0000002af3500000,0x0000002af3600000)]
  0x00000153e54780e0 JavaThread "Service Thread" daemon [_thread_blocked, id=9904, stack(0x0000002af3600000,0x0000002af3700000)]
  0x00000153e547a9c0 JavaThread "Monitor Deflation Thread" daemon [_thread_blocked, id=11240, stack(0x0000002af3700000,0x0000002af3800000)]
  0x00000153e547b5c0 JavaThread "C2 CompilerThread0" daemon [_thread_in_native, id=5892, stack(0x0000002af3800000,0x0000002af3900000)]
  0x00000153e547dee0 JavaThread "C1 CompilerThread0" daemon [_thread_blocked, id=6308, stack(0x0000002af3900000,0x0000002af3a00000)]
  0x00000153e5480800 JavaThread "Sweeper thread" daemon [_thread_blocked, id=1856, stack(0x0000002af3a00000,0x0000002af3b00000)]
  0x00000153e55dfeb0 JavaThread "Common-Cleaner" daemon [_thread_blocked, id=3372, stack(0x0000002af3b00000,0x0000002af3c00000)]
  0x00000153e55e0ba0 JavaThread "Notification Thread" daemon [_thread_blocked, id=11460, stack(0x0000002af3c00000,0x0000002af3d00000)]
  0x00000153eb535dd0 JavaThread "Daemon health stats" [_thread_blocked, id=2964, stack(0x0000002af4400000,0x0000002af4500000)]
  0x00000153eace2740 JavaThread "Incoming local TCP Connector on port 50330" [_thread_in_native, id=3880, stack(0x0000002af4500000,0x0000002af4600000)]
  0x00000153eb679910 JavaThread "Daemon periodic checks" [_thread_blocked, id=7468, stack(0x0000002af4600000,0x0000002af4700000)]
  0x00000153eb68a040 JavaThread "Daemon" [_thread_blocked, id=7660, stack(0x0000002af4700000,0x0000002af4800000)]
  0x00000153ebd4ac20 JavaThread "Daemon worker" [_thread_in_native, id=12140, stack(0x0000002af4a00000,0x0000002af4b00000)]
  0x00000153ebe2c190 JavaThread "Cache worker for journal cache (C:\Users\kraM\.gradle\caches\journal-1)" [_thread_blocked, id=12076, stack(0x0000002af4e00000,0x0000002af4f00000)]
  0x00000153ebe29e20 JavaThread "File lock request listener" [_thread_in_native, id=496, stack(0x0000002af4f00000,0x0000002af5000000)]
  0x00000153ebe2cbb0 JavaThread "Cache worker for file hash cache (C:\Users\kraM\.gradle\caches\7.6.1\fileHashes)" [_thread_blocked, id=5308, stack(0x0000002af5000000,0x0000002af5100000)]
  0x00000153ebe2c6a0 JavaThread "File watcher server" daemon [_thread_in_native, id=10088, stack(0x0000002af5500000,0x0000002af5600000)]
  0x00000153ebe27ab0 JavaThread "File watcher consumer" daemon [_thread_blocked, id=9296, stack(0x0000002af5600000,0x0000002af5700000)]
  0x00000153ebe284d0 JavaThread "jar transforms" [_thread_blocked, id=9156, stack(0x0000002af5700000,0x0000002af5800000)]
  0x00000153ebe2d0c0 JavaThread "jar transforms Thread 2" [_thread_blocked, id=5124, stack(0x0000002af5800000,0x0000002af5900000)]
  0x00000153ebe27fc0 JavaThread "jar transforms Thread 3" [_thread_blocked, id=596, stack(0x0000002af5900000,0x0000002af5a00000)]
  0x00000153ebe29910 JavaThread "Cache worker for file content cache (C:\Users\kraM\.gradle\caches\7.6.1\fileContent)" [_thread_blocked, id=2512, stack(0x0000002af5c00000,0x0000002af5d00000)]
  0x00000153ebe26b80 JavaThread "Cache worker for execution history cache (C:\Users\kraM\.gradle\caches\7.6.1\executionHistory)" [_thread_blocked, id=4436, stack(0x0000002af5e00000,0x0000002af5f00000)]
  0x00000153ebe29400 JavaThread "jar transforms Thread 4" [_thread_blocked, id=3564, stack(0x0000002af6000000,0x0000002af6100000)]
  0x00000153ebe2ad50 JavaThread "jar transforms Thread 5" [_thread_blocked, id=4928, stack(0x0000002af5f00000,0x0000002af6000000)]
  0x00000153edd2ea40 JavaThread "jar transforms Thread 6" [_thread_blocked, id=7836, stack(0x0000002af6200000,0x0000002af6300000)]
  0x00000153edd29940 JavaThread "jar transforms Thread 7" [_thread_blocked, id=11292, stack(0x0000002af6300000,0x0000002af6400000)]
  0x00000153edd2d600 JavaThread "jar transforms Thread 8" [_thread_blocked, id=7784, stack(0x0000002af6400000,0x0000002af6500000)]
  0x00000153ef065220 JavaThread "Memory manager" [_thread_blocked, id=11612, stack(0x0000002af8f00000,0x0000002af9000000)]
  0x00000153eabacc40 JavaThread "included builds" [_thread_blocked, id=12924, stack(0x0000002af2900000,0x0000002af2a00000)]
  0x00000153ee8af830 JavaThread "Handler for socket connection from /127.0.0.1:50330 to /127.0.0.1:50395" [_thread_in_native, id=12560, stack(0x0000002af2a00000,0x0000002af2b00000)]
  0x00000153ee8acaa0 JavaThread "Cancel handler" [_thread_blocked, id=12688, stack(0x0000002af2800000,0x0000002af2900000)]
  0x00000153ee8b0c70 JavaThread "Asynchronous log dispatcher for DefaultDaemonConnection: socket connection from /127.0.0.1:50330 to /127.0.0.1:50395" [_thread_blocked, id=12928, stack(0x0000002af4800000,0x0000002af4900000)]
  0x00000153ee8acfb0 JavaThread "Stdin handler" [_thread_blocked, id=12768, stack(0x0000002af4900000,0x0000002af4a00000)]
  0x00000153ee8afd40 JavaThread "Daemon client event forwarder" [_thread_blocked, id=12352, stack(0x0000002af4b00000,0x0000002af4c00000)]
  0x00000153ee8b1180 JavaThread "Cache worker for checksums cache (C:\Users\kraM\Desktop\santander-dev-week-2023-master\.gradle\7.6.1\checksums)" [_thread_blocked, id=12772, stack(0x0000002af4c00000,0x0000002af4d00000)]
  0x00000153ee8ad4c0 JavaThread "Cache worker for cache directory md-rule (C:\Users\kraM\.gradle\caches\7.6.1\md-rule)" [_thread_blocked, id=12696, stack(0x0000002af4d00000,0x0000002af4e00000)]
  0x00000153ee8ad9d0 JavaThread "Cache worker for file hash cache (C:\Users\kraM\Desktop\santander-dev-week-2023-master\.gradle\7.6.1\fileHashes)" [_thread_blocked, id=12888, stack(0x0000002af5400000,0x0000002af5500000)]
  0x00000153ee8adee0 JavaThread "Cache worker for cache directory md-supplier (C:\Users\kraM\.gradle\caches\7.6.1\md-supplier)" [_thread_blocked, id=12932, stack(0x0000002af5a00000,0x0000002af5b00000)]
  0x00000153ef4f5420 JavaThread "C2 CompilerThread1" daemon [_thread_in_native, id=13024, stack(0x0000002af5b00000,0x0000002af5c00000)]
=>0x00000153ef4f0470 JavaThread "C2 CompilerThread2" daemon [_thread_in_native, id=13020, stack(0x0000002af5d00000,0x0000002af5e00000)]

Other Threads:
  0x00000153e54193f0 VMThread "VM Thread" [stack: 0x0000002af3100000,0x0000002af3200000] [id=10148]
  0x00000153e53bf5b0 WatcherThread [stack: 0x0000002af3d00000,0x0000002af3e00000] [id=2492]
  0x00000153cf70c960 GCTaskThread "GC Thread#0" [stack: 0x0000002af2c00000,0x0000002af2d00000] [id=7772]
  0x00000153ea90e490 GCTaskThread "GC Thread#1" [stack: 0x0000002af3f00000,0x0000002af4000000] [id=11388]
  0x00000153ea90e750 GCTaskThread "GC Thread#2" [stack: 0x0000002af4000000,0x0000002af4100000] [id=10688]
  0x00000153ea3af180 GCTaskThread "GC Thread#3" [stack: 0x0000002af4100000,0x0000002af4200000] [id=3116]
  0x00000153ea3af440 GCTaskThread "GC Thread#4" [stack: 0x0000002af4200000,0x0000002af4300000] [id=7628]
  0x00000153ea3af700 GCTaskThread "GC Thread#5" [stack: 0x0000002af4300000,0x0000002af4400000] [id=5728]
  0x00000153eb922030 GCTaskThread "GC Thread#6" [stack: 0x0000002af5100000,0x0000002af5200000] [id=12280]
  0x00000153eb9acc80 GCTaskThread "GC Thread#7" [stack: 0x0000002af5200000,0x0000002af5300000] [id=4836]
  0x00000153cf7117c0 ConcurrentGCThread "G1 Main Marker" [stack: 0x0000002af2d00000,0x0000002af2e00000] [id=11776]
  0x00000153cf7120f0 ConcurrentGCThread "G1 Conc#0" [stack: 0x0000002af2e00000,0x0000002af2f00000] [id=11884]
  0x00000153ec5babf0 ConcurrentGCThread "G1 Conc#1" [stack: 0x0000002af5300000,0x0000002af5400000] [id=2432]
  0x00000153cf79d410 ConcurrentGCThread "G1 Refine#0" [stack: 0x0000002af2f00000,0x0000002af3000000] [id=2672]
  0x00000153ede6e3e0 ConcurrentGCThread "G1 Refine#1" [stack: 0x0000002af6700000,0x0000002af6800000] [id=11716]
  0x00000153ede6de00 ConcurrentGCThread "G1 Refine#2" [stack: 0x0000002af3e00000,0x0000002af3f00000] [id=2612]
  0x00000153e5292540 ConcurrentGCThread "G1 Service" [stack: 0x0000002af3000000,0x0000002af3100000] [id=11556]

Threads with active compile tasks:
C2 CompilerThread0    82255 15555   !   4       org.gradle.internal.service.DefaultServiceRegistry$ManagedObjectServiceProvider::getInstance (47 bytes)
C2 CompilerThread1    82256 15726       4       groovyjarjarasm.asm.ClassReader::readCode (5109 bytes)
C2 CompilerThread2    82256 15589 %     4       groovyjarjarantlr4.v4.runtime.atn.ParserATNSimulator::computeTargetState @ 190 (617 bytes)

VM state: not at safepoint (normal execution)

VM Mutex/Monitor currently owned by a thread: None

Heap address: 0x00000000e0000000, size: 512 MB, Compressed Oops mode: 32-bit

CDS archive(s) not mapped
Compressed class space mapped at: 0x0000000100000000-0x000000010d000000, reserved size: 218103808
Narrow klass base: 0x0000000000000000, Narrow klass shift: 3, Narrow klass range: 0x10d000000

GC Precious Log:
 CPUs: 8 total, 8 available
 Memory: 32717M
 Large Page Support: Disabled
 NUMA Support: Disabled
 Compressed Oops: Enabled (32-bit)
 Heap Region Size: 1M
 Heap Min Capacity: 256M
 Heap Initial Capacity: 256M
 Heap Max Capacity: 512M
 Pre-touch: Disabled
 Parallel Workers: 8
 Concurrent Workers: 2
 Concurrent Refinement Workers: 8
 Periodic GC: Disabled

Heap:
 garbage-first heap   total 262144K, used 78747K [0x00000000e0000000, 0x0000000100000000)
  region size 1024K, 22 young (22528K), 15 survivors (15360K)
 Metaspace       used 79095K, committed 79808K, reserved 344064K
  class space    used 10270K, committed 10624K, reserved 212992K

Heap Regions: E=young(eden), S=young(survivor), O=old, HS=humongous(starts), HC=humongous(continues), CS=collection set, F=free, OA=open archive, CA=closed archive, TAMS=top-at-mark-start (previous, next)
|   0|0x00000000e0000000, 0x00000000e0100000, 0x00000000e0100000|100%|HS|  |TAMS 0x00000000e0100000, 0x00000000e0000000| Complete 
|   1|0x00000000e0100000, 0x00000000e0200000, 0x00000000e0200000|100%|HC|  |TAMS 0x00000000e0200000, 0x00000000e0100000| Complete 
|   2|0x00000000e0200000, 0x00000000e0300000, 0x00000000e0300000|100%|HC|  |TAMS 0x00000000e0300000, 0x00000000e0200000| Complete 
|   3|0x00000000e0300000, 0x00000000e0400000, 0x00000000e0400000|100%| O|  |TAMS 0x00000000e0400000, 0x00000000e0300000| Untracked 
|   4|0x00000000e0400000, 0x00000000e0500000, 0x00000000e0500000|100%| O|  |TAMS 0x00000000e0500000, 0x00000000e0400000| Untracked 
|   5|0x00000000e0500000, 0x00000000e0600000, 0x00000000e0600000|100%| O|  |TAMS 0x00000000e0600000, 0x00000000e0500000| Untracked 
|   6|0x00000000e0600000, 0x00000000e0700000, 0x00000000e0700000|100%| O|  |TAMS 0x00000000e0700000, 0x00000000e0600000| Untracked 
|   7|0x00000000e0700000, 0x00000000e0800000, 0x00000000e0800000|100%| O|  |TAMS 0x00000000e0800000, 0x00000000e0700000| Untracked 
|   8|0x00000000e0800000, 0x00000000e0900000, 0x00000000e0900000|100%| O|  |TAMS 0x00000000e0900000, 0x00000000e0800000| Untracked 
|   9|0x00000000e0900000, 0x00000000e0a00000, 0x00000000e0a00000|100%| O|  |TAMS 0x00000000e0a00000, 0x00000000e0900000| Untracked 
|  10|0x00000000e0a00000, 0x00000000e0b00000, 0x00000000e0b00000|100%| O|  |TAMS 0x00000000e0b00000, 0x00000000e0a00000| Untracked 
|  11|0x00000000e0b00000, 0x00000000e0c00000, 0x00000000e0c00000|100%| O|  |TAMS 0x00000000e0c00000, 0x00000000e0b00000| Untracked 
|  12|0x00000000e0c00000, 0x00000000e0d00000, 0x00000000e0d00000|100%| O|  |TAMS 0x00000000e0d00000, 0x00000000e0c00000| Untracked 
|  13|0x00000000e0d00000, 0x00000000e0e00000, 0x00000000e0e00000|100%| O|  |TAMS 0x00000000e0e00000, 0x00000000e0d00000| Untracked 
|  14|0x00000000e0e00000, 0x00000000e0f00000, 0x00000000e0f00000|100%| O|  |TAMS 0x00000000e0f00000, 0x00000000e0e00000| Untracked 
|  15|0x00000000e0f00000, 0x00000000e1000000, 0x00000000e1000000|100%| O|  |TAMS 0x00000000e1000000, 0x00000000e0f00000| Untracked 
|  16|0x00000000e1000000, 0x00000000e1100000, 0x00000000e1100000|100%| O|  |TAMS 0x00000000e1100000, 0x00000000e1000000| Untracked 
|  17|0x00000000e1100000, 0x00000000e1200000, 0x00000000e1200000|100%| O|  |TAMS 0x00000000e1200000, 0x00000000e1100000| Untracked 
|  18|0x00000000e1200000, 0x00000000e1300000, 0x00000000e1300000|100%| O|  |TAMS 0x00000000e1300000, 0x00000000e1200000| Untracked 
|  19|0x00000000e1300000, 0x00000000e1400000, 0x00000000e1400000|100%| O|  |TAMS 0x00000000e1400000, 0x00000000e1300000| Untracked 
|  20|0x00000000e1400000, 0x00000000e1500000, 0x00000000e1500000|100%| O|  |TAMS 0x00000000e1500000, 0x00000000e1400000| Untracked 
|  21|0x00000000e1500000, 0x00000000e1600000, 0x00000000e1600000|100%| O|  |TAMS 0x00000000e1600000, 0x00000000e1500000| Untracked 
|  22|0x00000000e1600000, 0x00000000e1700000, 0x00000000e1700000|100%| O|  |TAMS 0x00000000e1700000, 0x00000000e1600000| Untracked 
|  23|0x00000000e1700000, 0x00000000e1800000, 0x00000000e1800000|100%| O|  |TAMS 0x00000000e1800000, 0x00000000e1700000| Untracked 
|  24|0x00000000e1800000, 0x00000000e1900000, 0x00000000e1900000|100%| O|  |TAMS 0x00000000e1900000, 0x00000000e1800000| Untracked 
|  25|0x00000000e1900000, 0x00000000e1a00000, 0x00000000e1a00000|100%| O|  |TAMS 0x00000000e1a00000, 0x00000000e1900000| Untracked 
|  26|0x00000000e1a00000, 0x00000000e1b00000, 0x00000000e1b00000|100%| O|  |TAMS 0x00000000e1b00000, 0x00000000e1a00000| Untracked 
|  27|0x00000000e1b00000, 0x00000000e1c00000, 0x00000000e1c00000|100%| O|  |TAMS 0x00000000e1c00000, 0x00000000e1b00000| Untracked 
|  28|0x00000000e1c00000, 0x00000000e1d00000, 0x00000000e1d00000|100%| O|  |TAMS 0x00000000e1d00000, 0x00000000e1c00000| Untracked 
|  29|0x00000000e1d00000, 0x00000000e1e00000, 0x00000000e1e00000|100%| O|  |TAMS 0x00000000e1e00000, 0x00000000e1d00000| Untracked 
|  30|0x00000000e1e00000, 0x00000000e1f00000, 0x00000000e1f00000|100%| O|  |TAMS 0x00000000e1f00000, 0x00000000e1e00000| Untracked 
|  31|0x00000000e1f00000, 0x00000000e2000000, 0x00000000e2000000|100%| O|  |TAMS 0x00000000e2000000, 0x00000000e1f00000| Untracked 
|  32|0x00000000e2000000, 0x00000000e2100000, 0x00000000e2100000|100%| O|  |TAMS 0x00000000e2100000, 0x00000000e2000000| Untracked 
|  33|0x00000000e2100000, 0x00000000e2200000, 0x00000000e2200000|100%| O|  |TAMS 0x00000000e2198600, 0x00000000e2100000| Untracked 
|  34|0x00000000e2200000, 0x00000000e2300000, 0x00000000e2300000|100%| O|  |TAMS 0x00000000e2200000, 0x00000000e2200000| Untracked 
|  35|0x00000000e2300000, 0x00000000e2400000, 0x00000000e2400000|100%| O|  |TAMS 0x00000000e2300000, 0x00000000e2300000| Untracked 
|  36|0x00000000e2400000, 0x00000000e2500000, 0x00000000e2500000|100%| O|  |TAMS 0x00000000e2400000, 0x00000000e2400000| Untracked 
|  37|0x00000000e2500000, 0x00000000e2600000, 0x00000000e2600000|100%| O|  |TAMS 0x00000000e2500000, 0x00000000e2500000| Untracked 
|  38|0x00000000e2600000, 0x00000000e2700000, 0x00000000e2700000|100%| O|  |TAMS 0x00000000e2600000, 0x00000000e2600000| Untracked 
|  39|0x00000000e2700000, 0x00000000e2800000, 0x00000000e2800000|100%| O|  |TAMS 0x00000000e2700000, 0x00000000e2700000| Untracked 
|  40|0x00000000e2800000, 0x00000000e2900000, 0x00000000e2900000|100%| O|  |TAMS 0x00000000e2800000, 0x00000000e2800000| Untracked 
|  41|0x00000000e2900000, 0x00000000e2a00000, 0x00000000e2a00000|100%| O|  |TAMS 0x00000000e2900000, 0x00000000e2900000| Untracked 
|  42|0x00000000e2a00000, 0x00000000e2b00000, 0x00000000e2b00000|100%| O|  |TAMS 0x00000000e2a00000, 0x00000000e2a00000| Untracked 
|  43|0x00000000e2b00000, 0x00000000e2c00000, 0x00000000e2c00000|100%| O|  |TAMS 0x00000000e2b00000, 0x00000000e2b00000| Untracked 
|  44|0x00000000e2c00000, 0x00000000e2d00000, 0x00000000e2d00000|100%| O|  |TAMS 0x00000000e2c00000, 0x00000000e2c00000| Untracked 
|  45|0x00000000e2d00000, 0x00000000e2e00000, 0x00000000e2e00000|100%| O|  |TAMS 0x00000000e2d00000, 0x00000000e2d00000| Untracked 
|  46|0x00000000e2e00000, 0x00000000e2f00000, 0x00000000e2f00000|100%| O|  |TAMS 0x00000000e2e00000, 0x00000000e2e00000| Untracked 
|  47|0x00000000e2f00000, 0x00000000e3000000, 0x00000000e3000000|100%| O|  |TAMS 0x00000000e2f00000, 0x00000000e2f00000| Untracked 
|  48|0x00000000e3000000, 0x00000000e3100000, 0x00000000e3100000|100%| O|  |TAMS 0x00000000e3000000, 0x00000000e3000000| Untracked 
|  49|0x00000000e3100000, 0x00000000e3200000, 0x00000000e3200000|100%| O|  |TAMS 0x00000000e3100000, 0x00000000e3100000| Untracked 
|  50|0x00000000e3200000, 0x00000000e3300000, 0x00000000e3300000|100%| O|  |TAMS 0x00000000e3200000, 0x00000000e3200000| Untracked 
|  51|0x00000000e3300000, 0x00000000e3400000, 0x00000000e3400000|100%| O|  |TAMS 0x00000000e3300000, 0x00000000e3300000| Untracked 
|  52|0x00000000e3400000, 0x00000000e3500000, 0x00000000e3500000|100%| O|  |TAMS 0x00000000e3400000, 0x00000000e3400000| Untracked 
|  53|0x00000000e3500000, 0x00000000e3600000, 0x00000000e3600000|100%| O|  |TAMS 0x00000000e3500000, 0x00000000e3500000| Untracked 
|  54|0x00000000e3600000, 0x00000000e3700000, 0x00000000e3700000|100%| O|  |TAMS 0x00000000e3600000, 0x00000000e3600000| Untracked 
|  55|0x00000000e3700000, 0x00000000e3800000, 0x00000000e3800000|100%| O|  |TAMS 0x00000000e3700000, 0x00000000e3700000| Untracked 
|  56|0x00000000e3800000, 0x00000000e3800000, 0x00000000e3900000|  0%| F|  |TAMS 0x00000000e3800000, 0x00000000e3800000| Untracked 
|  57|0x00000000e3900000, 0x00000000e3900000, 0x00000000e3a00000|  0%| F|  |TAMS 0x00000000e3900000, 0x00000000e3900000| Untracked 
|  58|0x00000000e3a00000, 0x00000000e3a00000, 0x00000000e3b00000|  0%| F|  |TAMS 0x00000000e3a00000, 0x00000000e3a00000| Untracked 
|  59|0x00000000e3b00000, 0x00000000e3b00000, 0x00000000e3c00000|  0%| F|  |TAMS 0x00000000e3b00000, 0x00000000e3b00000| Untracked 
|  60|0x00000000e3c00000, 0x00000000e3c00000, 0x00000000e3d00000|  0%| F|  |TAMS 0x00000000e3c00000, 0x00000000e3c00000| Untracked 
|  61|0x00000000e3d00000, 0x00000000e3d00000, 0x00000000e3e00000|  0%| F|  |TAMS 0x00000000e3d00000, 0x00000000e3d00000| Untracked 
|  62|0x00000000e3e00000, 0x00000000e3e00000, 0x00000000e3f00000|  0%| F|  |TAMS 0x00000000e3e00000, 0x00000000e3e00000| Untracked 
|  63|0x00000000e3f00000, 0x00000000e3f00000, 0x00000000e4000000|  0%| F|  |TAMS 0x00000000e3f00000, 0x00000000e3f00000| Untracked 
|  64|0x00000000e4000000, 0x00000000e4000000, 0x00000000e4100000|  0%| F|  |TAMS 0x00000000e4000000, 0x00000000e4000000| Untracked 
|  65|0x00000000e4100000, 0x00000000e4100000, 0x00000000e4200000|  0%| F|  |TAMS 0x00000000e4100000, 0x00000000e4100000| Untracked 
|  66|0x00000000e4200000, 0x00000000e4200000, 0x00000000e4300000|  0%| F|  |TAMS 0x00000000e4200000, 0x00000000e4200000| Untracked 
|  67|0x00000000e4300000, 0x00000000e4300000, 0x00000000e4400000|  0%| F|  |TAMS 0x00000000e4300000, 0x00000000e4300000| Untracked 
|  68|0x00000000e4400000, 0x00000000e4400000, 0x00000000e4500000|  0%| F|  |TAMS 0x00000000e4400000, 0x00000000e4400000| Untracked 
|  69|0x00000000e4500000, 0x00000000e4500000, 0x00000000e4600000|  0%| F|  |TAMS 0x00000000e4500000, 0x00000000e4500000| Untracked 
|  70|0x00000000e4600000, 0x00000000e4600000, 0x00000000e4700000|  0%| F|  |TAMS 0x00000000e4600000, 0x00000000e4600000| Untracked 
|  71|0x00000000e4700000, 0x00000000e4700000, 0x00000000e4800000|  0%| F|  |TAMS 0x00000000e4700000, 0x00000000e4700000| Untracked 
|  72|0x00000000e4800000, 0x00000000e4800000, 0x00000000e4900000|  0%| F|  |TAMS 0x00000000e4800000, 0x00000000e4800000| Untracked 
|  73|0x00000000e4900000, 0x00000000e4900000, 0x00000000e4a00000|  0%| F|  |TAMS 0x00000000e4900000, 0x00000000e4900000| Untracked 
|  74|0x00000000e4a00000, 0x00000000e4a00000, 0x00000000e4b00000|  0%| F|  |TAMS 0x00000000e4a00000, 0x00000000e4a00000| Untracked 
|  75|0x00000000e4b00000, 0x00000000e4b00000, 0x00000000e4c00000|  0%| F|  |TAMS 0x00000000e4b00000, 0x00000000e4b00000| Untracked 
|  76|0x00000000e4c00000, 0x00000000e4c00000, 0x00000000e4d00000|  0%| F|  |TAMS 0x00000000e4c00000, 0x00000000e4c00000| Untracked 
|  77|0x00000000e4d00000, 0x00000000e4d00000, 0x00000000e4e00000|  0%| F|  |TAMS 0x00000000e4d00000, 0x00000000e4d00000| Untracked 
|  78|0x00000000e4e00000, 0x00000000e4e00000, 0x00000000e4f00000|  0%| F|  |TAMS 0x00000000e4e00000, 0x00000000e4e00000| Untracked 
|  79|0x00000000e4f00000, 0x00000000e4f00000, 0x00000000e5000000|  0%| F|  |TAMS 0x00000000e4f00000, 0x00000000e4f00000| Untracked 
|  80|0x00000000e5000000, 0x00000000e5000000, 0x00000000e5100000|  0%| F|  |TAMS 0x00000000e5000000, 0x00000000e5000000| Untracked 
|  81|0x00000000e5100000, 0x00000000e5100000, 0x00000000e5200000|  0%| F|  |TAMS 0x00000000e5100000, 0x00000000e5100000| Untracked 
|  82|0x00000000e5200000, 0x00000000e5200000, 0x00000000e5300000|  0%| F|  |TAMS 0x00000000e5200000, 0x00000000e5200000| Untracked 
|  83|0x00000000e5300000, 0x00000000e5300000, 0x00000000e5400000|  0%| F|  |TAMS 0x00000000e5300000, 0x00000000e5300000| Untracked 
|  84|0x00000000e5400000, 0x00000000e5400000, 0x00000000e5500000|  0%| F|  |TAMS 0x00000000e5400000, 0x00000000e5400000| Untracked 
|  85|0x00000000e5500000, 0x00000000e5500000, 0x00000000e5600000|  0%| F|  |TAMS 0x00000000e5500000, 0x00000000e5500000| Untracked 
|  86|0x00000000e5600000, 0x00000000e5600000, 0x00000000e5700000|  0%| F|  |TAMS 0x00000000e5600000, 0x00000000e5600000| Untracked 
|  87|0x00000000e5700000, 0x00000000e5700000, 0x00000000e5800000|  0%| F|  |TAMS 0x00000000e5700000, 0x00000000e5700000| Untracked 
|  88|0x00000000e5800000, 0x00000000e58e6f40, 0x00000000e5900000| 90%| S|CS|TAMS 0x00000000e5800000, 0x00000000e5800000| Complete 
|  89|0x00000000e5900000, 0x00000000e5a00000, 0x00000000e5a00000|100%| S|CS|TAMS 0x00000000e5900000, 0x00000000e5900000| Complete 
|  90|0x00000000e5a00000, 0x00000000e5b00000, 0x00000000e5b00000|100%| S|CS|TAMS 0x00000000e5a00000, 0x00000000e5a00000| Complete 
|  91|0x00000000e5b00000, 0x00000000e5c00000, 0x00000000e5c00000|100%| S|CS|TAMS 0x00000000e5b00000, 0x00000000e5b00000| Complete 
|  92|0x00000000e5c00000, 0x00000000e5c00000, 0x00000000e5d00000|  0%| F|  |TAMS 0x00000000e5c00000, 0x00000000e5c00000| Untracked 
|  93|0x00000000e5d00000, 0x00000000e5d00000, 0x00000000e5e00000|  0%| F|  |TAMS 0x00000000e5d00000, 0x00000000e5d00000| Untracked 
|  94|0x00000000e5e00000, 0x00000000e5e00000, 0x00000000e5f00000|  0%| F|  |TAMS 0x00000000e5e00000, 0x00000000e5e00000| Untracked 
|  95|0x00000000e5f00000, 0x00000000e6000000, 0x00000000e6000000|100%| S|CS|TAMS 0x00000000e5f00000, 0x00000000e5f00000| Complete 
|  96|0x00000000e6000000, 0x00000000e6100000, 0x00000000e6100000|100%| S|CS|TAMS 0x00000000e6000000, 0x00000000e6000000| Complete 
|  97|0x00000000e6100000, 0x00000000e6100000, 0x00000000e6200000|  0%| F|  |TAMS 0x00000000e6100000, 0x00000000e6100000| Untracked 
|  98|0x00000000e6200000, 0x00000000e6200000, 0x00000000e6300000|  0%| F|  |TAMS 0x00000000e6200000, 0x00000000e6200000| Untracked 
|  99|0x00000000e6300000, 0x00000000e6300000, 0x00000000e6400000|  0%| F|  |TAMS 0x00000000e6300000, 0x00000000e6300000| Untracked 
| 100|0x00000000e6400000, 0x00000000e6400000, 0x00000000e6500000|  0%| F|  |TAMS 0x00000000e6400000, 0x00000000e6400000| Untracked 
| 101|0x00000000e6500000, 0x00000000e6500000, 0x00000000e6600000|  0%| F|  |TAMS 0x00000000e6500000, 0x00000000e6500000| Untracked 
| 102|0x00000000e6600000, 0x00000000e6600000, 0x00000000e6700000|  0%| F|  |TAMS 0x00000000e6600000, 0x00000000e6600000| Untracked 
| 103|0x00000000e6700000, 0x00000000e6800000, 0x00000000e6800000|100%| S|CS|TAMS 0x00000000e6700000, 0x00000000e6700000| Complete 
| 104|0x00000000e6800000, 0x00000000e6900000, 0x00000000e6900000|100%| S|CS|TAMS 0x00000000e6800000, 0x00000000e6800000| Complete 
| 105|0x00000000e6900000, 0x00000000e6a00000, 0x00000000e6a00000|100%| S|CS|TAMS 0x00000000e6900000, 0x00000000e6900000| Complete 
| 106|0x00000000e6a00000, 0x00000000e6b00000, 0x00000000e6b00000|100%| S|CS|TAMS 0x00000000e6a00000, 0x00000000e6a00000| Complete 
| 107|0x00000000e6b00000, 0x00000000e6c00000, 0x00000000e6c00000|100%| S|CS|TAMS 0x00000000e6b00000, 0x00000000e6b00000| Complete 
| 108|0x00000000e6c00000, 0x00000000e6d00000, 0x00000000e6d00000|100%| S|CS|TAMS 0x00000000e6c00000, 0x00000000e6c00000| Complete 
| 109|0x00000000e6d00000, 0x00000000e6d00000, 0x00000000e6e00000|  0%| F|  |TAMS 0x00000000e6d00000, 0x00000000e6d00000| Untracked 
| 110|0x00000000e6e00000, 0x00000000e6e00000, 0x00000000e6f00000|  0%| F|  |TAMS 0x00000000e6e00000, 0x00000000e6e00000| Untracked 
| 111|0x00000000e6f00000, 0x00000000e7000000, 0x00000000e7000000|100%| S|CS|TAMS 0x00000000e6f00000, 0x00000000e6f00000| Complete 
| 112|0x00000000e7000000, 0x00000000e7100000, 0x00000000e7100000|100%| S|CS|TAMS 0x00000000e7000000, 0x00000000e7000000| Complete 
| 113|0x00000000e7100000, 0x00000000e7200000, 0x00000000e7200000|100%| S|CS|TAMS 0x00000000e7100000, 0x00000000e7100000| Complete 
| 114|0x00000000e7200000, 0x00000000e7200000, 0x00000000e7300000|  0%| F|  |TAMS 0x00000000e7200000, 0x00000000e7200000| Untracked 
| 115|0x00000000e7300000, 0x00000000e7300000, 0x00000000e7400000|  0%| F|  |TAMS 0x00000000e7300000, 0x00000000e7300000| Untracked 
| 116|0x00000000e7400000, 0x00000000e7400000, 0x00000000e7500000|  0%| F|  |TAMS 0x00000000e7400000, 0x00000000e7400000| Untracked 
| 117|0x00000000e7500000, 0x00000000e7500000, 0x00000000e7600000|  0%| F|  |TAMS 0x00000000e7500000, 0x00000000e7500000| Untracked 
| 118|0x00000000e7600000, 0x00000000e7600000, 0x00000000e7700000|  0%| F|  |TAMS 0x00000000e7600000, 0x00000000e7600000| Untracked 
| 119|0x00000000e7700000, 0x00000000e7700000, 0x00000000e7800000|  0%| F|  |TAMS 0x00000000e7700000, 0x00000000e7700000| Untracked 
| 120|0x00000000e7800000, 0x00000000e7800000, 0x00000000e7900000|  0%| F|  |TAMS 0x00000000e7800000, 0x00000000e7800000| Untracked 
| 121|0x00000000e7900000, 0x00000000e7900000, 0x00000000e7a00000|  0%| F|  |TAMS 0x00000000e7900000, 0x00000000e7900000| Untracked 
| 122|0x00000000e7a00000, 0x00000000e7a00000, 0x00000000e7b00000|  0%| F|  |TAMS 0x00000000e7a00000, 0x00000000e7a00000| Untracked 
| 123|0x00000000e7b00000, 0x00000000e7b00000, 0x00000000e7c00000|  0%| F|  |TAMS 0x00000000e7b00000, 0x00000000e7b00000| Untracked 
| 124|0x00000000e7c00000, 0x00000000e7c00000, 0x00000000e7d00000|  0%| F|  |TAMS 0x00000000e7c00000, 0x00000000e7c00000| Untracked 
| 125|0x00000000e7d00000, 0x00000000e7d00000, 0x00000000e7e00000|  0%| F|  |TAMS 0x00000000e7d00000, 0x00000000e7d00000| Untracked 
| 126|0x00000000e7e00000, 0x00000000e7e00000, 0x00000000e7f00000|  0%| F|  |TAMS 0x00000000e7e00000, 0x00000000e7e00000| Untracked 
| 127|0x00000000e7f00000, 0x00000000e7f00000, 0x00000000e8000000|  0%| F|  |TAMS 0x00000000e7f00000, 0x00000000e7f00000| Untracked 
| 128|0x00000000e8000000, 0x00000000e8000000, 0x00000000e8100000|  0%| F|  |TAMS 0x00000000e8000000, 0x00000000e8000000| Untracked 
| 129|0x00000000e8100000, 0x00000000e8100000, 0x00000000e8200000|  0%| F|  |TAMS 0x00000000e8100000, 0x00000000e8100000| Untracked 
| 130|0x00000000e8200000, 0x00000000e8200000, 0x00000000e8300000|  0%| F|  |TAMS 0x00000000e8200000, 0x00000000e8200000| Untracked 
| 131|0x00000000e8300000, 0x00000000e8300000, 0x00000000e8400000|  0%| F|  |TAMS 0x00000000e8300000, 0x00000000e8300000| Untracked 
| 132|0x00000000e8400000, 0x00000000e8400000, 0x00000000e8500000|  0%| F|  |TAMS 0x00000000e8400000, 0x00000000e8400000| Untracked 
| 133|0x00000000e8500000, 0x00000000e8500000, 0x00000000e8600000|  0%| F|  |TAMS 0x00000000e8500000, 0x00000000e8500000| Untracked 
| 134|0x00000000e8600000, 0x00000000e8600000, 0x00000000e8700000|  0%| F|  |TAMS 0x00000000e8600000, 0x00000000e8600000| Untracked 
| 135|0x00000000e8700000, 0x00000000e8700000, 0x00000000e8800000|  0%| F|  |TAMS 0x00000000e8700000, 0x00000000e8700000| Untracked 
| 136|0x00000000e8800000, 0x00000000e8800000, 0x00000000e8900000|  0%| F|  |TAMS 0x00000000e8800000, 0x00000000e8800000| Untracked 
| 137|0x00000000e8900000, 0x00000000e8900000, 0x00000000e8a00000|  0%| F|  |TAMS 0x00000000e8900000, 0x00000000e8900000| Untracked 
| 138|0x00000000e8a00000, 0x00000000e8a00000, 0x00000000e8b00000|  0%| F|  |TAMS 0x00000000e8a00000, 0x00000000e8a00000| Untracked 
| 139|0x00000000e8b00000, 0x00000000e8b00000, 0x00000000e8c00000|  0%| F|  |TAMS 0x00000000e8b00000, 0x00000000e8b00000| Untracked 
| 140|0x00000000e8c00000, 0x00000000e8c00000, 0x00000000e8d00000|  0%| F|  |TAMS 0x00000000e8c00000, 0x00000000e8c00000| Untracked 
| 141|0x00000000e8d00000, 0x00000000e8d00000, 0x00000000e8e00000|  0%| F|  |TAMS 0x00000000e8d00000, 0x00000000e8d00000| Untracked 
| 142|0x00000000e8e00000, 0x00000000e8e00000, 0x00000000e8f00000|  0%| F|  |TAMS 0x00000000e8e00000, 0x00000000e8e00000| Untracked 
| 143|0x00000000e8f00000, 0x00000000e8f00000, 0x00000000e9000000|  0%| F|  |TAMS 0x00000000e8f00000, 0x00000000e8f00000| Untracked 
| 144|0x00000000e9000000, 0x00000000e9000000, 0x00000000e9100000|  0%| F|  |TAMS 0x00000000e9000000, 0x00000000e9000000| Untracked 
| 145|0x00000000e9100000, 0x00000000e9100000, 0x00000000e9200000|  0%| F|  |TAMS 0x00000000e9100000, 0x00000000e9100000| Untracked 
| 146|0x00000000e9200000, 0x00000000e9200000, 0x00000000e9300000|  0%| F|  |TAMS 0x00000000e9200000, 0x00000000e9200000| Untracked 
| 147|0x00000000e9300000, 0x00000000e9300000, 0x00000000e9400000|  0%| F|  |TAMS 0x00000000e9300000, 0x00000000e9300000| Untracked 
| 148|0x00000000e9400000, 0x00000000e9400000, 0x00000000e9500000|  0%| F|  |TAMS 0x00000000e9400000, 0x00000000e9400000| Untracked 
| 149|0x00000000e9500000, 0x00000000e9500000, 0x00000000e9600000|  0%| F|  |TAMS 0x00000000e9500000, 0x00000000e9500000| Untracked 
| 150|0x00000000e9600000, 0x00000000e9600000, 0x00000000e9700000|  0%| F|  |TAMS 0x00000000e9600000, 0x00000000e9600000| Untracked 
| 151|0x00000000e9700000, 0x00000000e9700000, 0x00000000e9800000|  0%| F|  |TAMS 0x00000000e9700000, 0x00000000e9700000| Untracked 
| 152|0x00000000e9800000, 0x00000000e9800000, 0x00000000e9900000|  0%| F|  |TAMS 0x00000000e9800000, 0x00000000e9800000| Untracked 
| 153|0x00000000e9900000, 0x00000000e9900000, 0x00000000e9a00000|  0%| F|  |TAMS 0x00000000e9900000, 0x00000000e9900000| Untracked 
| 154|0x00000000e9a00000, 0x00000000e9a00000, 0x00000000e9b00000|  0%| F|  |TAMS 0x00000000e9a00000, 0x00000000e9a00000| Untracked 
| 155|0x00000000e9b00000, 0x00000000e9b00000, 0x00000000e9c00000|  0%| F|  |TAMS 0x00000000e9b00000, 0x00000000e9b00000| Untracked 
| 156|0x00000000e9c00000, 0x00000000e9c00000, 0x00000000e9d00000|  0%| F|  |TAMS 0x00000000e9c00000, 0x00000000e9c00000| Untracked 
| 157|0x00000000e9d00000, 0x00000000e9d00000, 0x00000000e9e00000|  0%| F|  |TAMS 0x00000000e9d00000, 0x00000000e9d00000| Untracked 
| 158|0x00000000e9e00000, 0x00000000e9e00000, 0x00000000e9f00000|  0%| F|  |TAMS 0x00000000e9e00000, 0x00000000e9e00000| Untracked 
| 159|0x00000000e9f00000, 0x00000000e9f00000, 0x00000000ea000000|  0%| F|  |TAMS 0x00000000e9f00000, 0x00000000e9f00000| Untracked 
| 160|0x00000000ea000000, 0x00000000ea000000, 0x00000000ea100000|  0%| F|  |TAMS 0x00000000ea000000, 0x00000000ea000000| Untracked 
| 161|0x00000000ea100000, 0x00000000ea100000, 0x00000000ea200000|  0%| F|  |TAMS 0x00000000ea100000, 0x00000000ea100000| Untracked 
| 162|0x00000000ea200000, 0x00000000ea200000, 0x00000000ea300000|  0%| F|  |TAMS 0x00000000ea200000, 0x00000000ea200000| Untracked 
| 163|0x00000000ea300000, 0x00000000ea300000, 0x00000000ea400000|  0%| F|  |TAMS 0x00000000ea300000, 0x00000000ea300000| Untracked 
| 164|0x00000000ea400000, 0x00000000ea400000, 0x00000000ea500000|  0%| F|  |TAMS 0x00000000ea400000, 0x00000000ea400000| Untracked 
| 165|0x00000000ea500000, 0x00000000ea500000, 0x00000000ea600000|  0%| F|  |TAMS 0x00000000ea500000, 0x00000000ea500000| Untracked 
| 166|0x00000000ea600000, 0x00000000ea600000, 0x00000000ea700000|  0%| F|  |TAMS 0x00000000ea600000, 0x00000000ea600000| Untracked 
| 167|0x00000000ea700000, 0x00000000ea700000, 0x00000000ea800000|  0%| F|  |TAMS 0x00000000ea700000, 0x00000000ea700000| Untracked 
| 168|0x00000000ea800000, 0x00000000ea800000, 0x00000000ea900000|  0%| F|  |TAMS 0x00000000ea800000, 0x00000000ea800000| Untracked 
| 169|0x00000000ea900000, 0x00000000ea900000, 0x00000000eaa00000|  0%| F|  |TAMS 0x00000000ea900000, 0x00000000ea900000| Untracked 
| 170|0x00000000eaa00000, 0x00000000eaa00000, 0x00000000eab00000|  0%| F|  |TAMS 0x00000000eaa00000, 0x00000000eaa00000| Untracked 
| 171|0x00000000eab00000, 0x00000000eab00000, 0x00000000eac00000|  0%| F|  |TAMS 0x00000000eab00000, 0x00000000eab00000| Untracked 
| 172|0x00000000eac00000, 0x00000000eac00000, 0x00000000ead00000|  0%| F|  |TAMS 0x00000000eac00000, 0x00000000eac00000| Untracked 
| 173|0x00000000ead00000, 0x00000000ead00000, 0x00000000eae00000|  0%| F|  |TAMS 0x00000000ead00000, 0x00000000ead00000| Untracked 
| 174|0x00000000eae00000, 0x00000000eae00000, 0x00000000eaf00000|  0%| F|  |TAMS 0x00000000eae00000, 0x00000000eae00000| Untracked 
| 175|0x00000000eaf00000, 0x00000000eaf00000, 0x00000000eb000000|  0%| F|  |TAMS 0x00000000eaf00000, 0x00000000eaf00000| Untracked 
| 176|0x00000000eb000000, 0x00000000eb000000, 0x00000000eb100000|  0%| F|  |TAMS 0x00000000eb000000, 0x00000000eb000000| Untracked 
| 177|0x00000000eb100000, 0x00000000eb100000, 0x00000000eb200000|  0%| F|  |TAMS 0x00000000eb100000, 0x00000000eb100000| Untracked 
| 178|0x00000000eb200000, 0x00000000eb200000, 0x00000000eb300000|  0%| F|  |TAMS 0x00000000eb200000, 0x00000000eb200000| Untracked 
| 179|0x00000000eb300000, 0x00000000eb300000, 0x00000000eb400000|  0%| F|  |TAMS 0x00000000eb300000, 0x00000000eb300000| Untracked 
| 180|0x00000000eb400000, 0x00000000eb400000, 0x00000000eb500000|  0%| F|  |TAMS 0x00000000eb400000, 0x00000000eb400000| Untracked 
| 181|0x00000000eb500000, 0x00000000eb500000, 0x00000000eb600000|  0%| F|  |TAMS 0x00000000eb500000, 0x00000000eb500000| Untracked 
| 182|0x00000000eb600000, 0x00000000eb600000, 0x00000000eb700000|  0%| F|  |TAMS 0x00000000eb600000, 0x00000000eb600000| Untracked 
| 183|0x00000000eb700000, 0x00000000eb700000, 0x00000000eb800000|  0%| F|  |TAMS 0x00000000eb700000, 0x00000000eb700000| Untracked 
| 184|0x00000000eb800000, 0x00000000eb800000, 0x00000000eb900000|  0%| F|  |TAMS 0x00000000eb800000, 0x00000000eb800000| Untracked 
| 185|0x00000000eb900000, 0x00000000eb900000, 0x00000000eba00000|  0%| F|  |TAMS 0x00000000eb900000, 0x00000000eb900000| Untracked 
| 186|0x00000000eba00000, 0x00000000eba00000, 0x00000000ebb00000|  0%| F|  |TAMS 0x00000000eba00000, 0x00000000eba00000| Untracked 
| 187|0x00000000ebb00000, 0x00000000ebb00000, 0x00000000ebc00000|  0%| F|  |TAMS 0x00000000ebb00000, 0x00000000ebb00000| Untracked 
| 188|0x00000000ebc00000, 0x00000000ebc00000, 0x00000000ebd00000|  0%| F|  |TAMS 0x00000000ebc00000, 0x00000000ebc00000| Untracked 
| 189|0x00000000ebd00000, 0x00000000ebd00000, 0x00000000ebe00000|  0%| F|  |TAMS 0x00000000ebd00000, 0x00000000ebd00000| Untracked 
| 190|0x00000000ebe00000, 0x00000000ebe00000, 0x00000000ebf00000|  0%| F|  |TAMS 0x00000000ebe00000, 0x00000000ebe00000| Untracked 
| 191|0x00000000ebf00000, 0x00000000ebf00000, 0x00000000ec000000|  0%| F|  |TAMS 0x00000000ebf00000, 0x00000000ebf00000| Untracked 
| 192|0x00000000ec000000, 0x00000000ec000000, 0x00000000ec100000|  0%| F|  |TAMS 0x00000000ec000000, 0x00000000ec000000| Untracked 
| 193|0x00000000ec100000, 0x00000000ec100000, 0x00000000ec200000|  0%| F|  |TAMS 0x00000000ec100000, 0x00000000ec100000| Untracked 
| 194|0x00000000ec200000, 0x00000000ec200000, 0x00000000ec300000|  0%| F|  |TAMS 0x00000000ec200000, 0x00000000ec200000| Untracked 
| 195|0x00000000ec300000, 0x00000000ec300000, 0x00000000ec400000|  0%| F|  |TAMS 0x00000000ec300000, 0x00000000ec300000| Untracked 
| 196|0x00000000ec400000, 0x00000000ec400000, 0x00000000ec500000|  0%| F|  |TAMS 0x00000000ec400000, 0x00000000ec400000| Untracked 
| 197|0x00000000ec500000, 0x00000000ec500000, 0x00000000ec600000|  0%| F|  |TAMS 0x00000000ec500000, 0x00000000ec500000| Untracked 
| 198|0x00000000ec600000, 0x00000000ec600000, 0x00000000ec700000|  0%| F|  |TAMS 0x00000000ec600000, 0x00000000ec600000| Untracked 
| 199|0x00000000ec700000, 0x00000000ec700000, 0x00000000ec800000|  0%| F|  |TAMS 0x00000000ec700000, 0x00000000ec700000| Untracked 
| 200|0x00000000ec800000, 0x00000000ec800000, 0x00000000ec900000|  0%| F|  |TAMS 0x00000000ec800000, 0x00000000ec800000| Untracked 
| 201|0x00000000ec900000, 0x00000000ec900000, 0x00000000eca00000|  0%| F|  |TAMS 0x00000000ec900000, 0x00000000ec900000| Untracked 
| 202|0x00000000eca00000, 0x00000000eca00000, 0x00000000ecb00000|  0%| F|  |TAMS 0x00000000eca00000, 0x00000000eca00000| Untracked 
| 203|0x00000000ecb00000, 0x00000000ecb00000, 0x00000000ecc00000|  0%| F|  |TAMS 0x00000000ecb00000, 0x00000000ecb00000| Untracked 
| 204|0x00000000ecc00000, 0x00000000ecc00000, 0x00000000ecd00000|  0%| F|  |TAMS 0x00000000ecc00000, 0x00000000ecc00000| Untracked 
| 205|0x00000000ecd00000, 0x00000000ecd00000, 0x00000000ece00000|  0%| F|  |TAMS 0x00000000ecd00000, 0x00000000ecd00000| Untracked 
| 206|0x00000000ece00000, 0x00000000ece00000, 0x00000000ecf00000|  0%| F|  |TAMS 0x00000000ece00000, 0x00000000ece00000| Untracked 
| 207|0x00000000ecf00000, 0x00000000ecf00000, 0x00000000ed000000|  0%| F|  |TAMS 0x00000000ecf00000, 0x00000000ecf00000| Untracked 
| 208|0x00000000ed000000, 0x00000000ed000000, 0x00000000ed100000|  0%| F|  |TAMS 0x00000000ed000000, 0x00000000ed000000| Untracked 
| 209|0x00000000ed100000, 0x00000000ed100000, 0x00000000ed200000|  0%| F|  |TAMS 0x00000000ed100000, 0x00000000ed100000| Untracked 
| 210|0x00000000ed200000, 0x00000000ed200000, 0x00000000ed300000|  0%| F|  |TAMS 0x00000000ed200000, 0x00000000ed200000| Untracked 
| 211|0x00000000ed300000, 0x00000000ed300000, 0x00000000ed400000|  0%| F|  |TAMS 0x00000000ed300000, 0x00000000ed300000| Untracked 
| 212|0x00000000ed400000, 0x00000000ed400000, 0x00000000ed500000|  0%| F|  |TAMS 0x00000000ed400000, 0x00000000ed400000| Untracked 
| 213|0x00000000ed500000, 0x00000000ed500000, 0x00000000ed600000|  0%| F|  |TAMS 0x00000000ed500000, 0x00000000ed500000| Untracked 
| 214|0x00000000ed600000, 0x00000000ed600000, 0x00000000ed700000|  0%| F|  |TAMS 0x00000000ed600000, 0x00000000ed600000| Untracked 
| 215|0x00000000ed700000, 0x00000000ed700000, 0x00000000ed800000|  0%| F|  |TAMS 0x00000000ed700000, 0x00000000ed700000| Untracked 
| 216|0x00000000ed800000, 0x00000000ed800000, 0x00000000ed900000|  0%| F|  |TAMS 0x00000000ed800000, 0x00000000ed800000| Untracked 
| 217|0x00000000ed900000, 0x00000000ed900000, 0x00000000eda00000|  0%| F|  |TAMS 0x00000000ed900000, 0x00000000ed900000| Untracked 
| 218|0x00000000eda00000, 0x00000000eda00000, 0x00000000edb00000|  0%| F|  |TAMS 0x00000000eda00000, 0x00000000eda00000| Untracked 
| 219|0x00000000edb00000, 0x00000000edb00000, 0x00000000edc00000|  0%| F|  |TAMS 0x00000000edb00000, 0x00000000edb00000| Untracked 
| 220|0x00000000edc00000, 0x00000000edc00000, 0x00000000edd00000|  0%| F|  |TAMS 0x00000000edc00000, 0x00000000edc00000| Untracked 
| 221|0x00000000edd00000, 0x00000000edd00000, 0x00000000ede00000|  0%| F|  |TAMS 0x00000000edd00000, 0x00000000edd00000| Untracked 
| 222|0x00000000ede00000, 0x00000000ede00000, 0x00000000edf00000|  0%| F|  |TAMS 0x00000000ede00000, 0x00000000ede00000| Untracked 
| 223|0x00000000edf00000, 0x00000000edf00000, 0x00000000ee000000|  0%| F|  |TAMS 0x00000000edf00000, 0x00000000edf00000| Untracked 
| 224|0x00000000ee000000, 0x00000000ee000000, 0x00000000ee100000|  0%| F|  |TAMS 0x00000000ee000000, 0x00000000ee000000| Untracked 
| 225|0x00000000ee100000, 0x00000000ee100000, 0x00000000ee200000|  0%| F|  |TAMS 0x00000000ee100000, 0x00000000ee100000| Untracked 
| 226|0x00000000ee200000, 0x00000000ee200000, 0x00000000ee300000|  0%| F|  |TAMS 0x00000000ee200000, 0x00000000ee200000| Untracked 
| 227|0x00000000ee300000, 0x00000000ee300000, 0x00000000ee400000|  0%| F|  |TAMS 0x00000000ee300000, 0x00000000ee300000| Untracked 
| 228|0x00000000ee400000, 0x00000000ee400000, 0x00000000ee500000|  0%| F|  |TAMS 0x00000000ee400000, 0x00000000ee400000| Untracked 
| 229|0x00000000ee500000, 0x00000000ee500000, 0x00000000ee600000|  0%| F|  |TAMS 0x00000000ee500000, 0x00000000ee500000| Untracked 
| 230|0x00000000ee600000, 0x00000000ee600000, 0x00000000ee700000|  0%| F|  |TAMS 0x00000000ee600000, 0x00000000ee600000| Untracked 
| 231|0x00000000ee700000, 0x00000000ee700000, 0x00000000ee800000|  0%| F|  |TAMS 0x00000000ee700000, 0x00000000ee700000| Untracked 
| 232|0x00000000ee800000, 0x00000000ee800000, 0x00000000ee900000|  0%| F|  |TAMS 0x00000000ee800000, 0x00000000ee800000| Untracked 
| 233|0x00000000ee900000, 0x00000000ee900000, 0x00000000eea00000|  0%| F|  |TAMS 0x00000000ee900000, 0x00000000ee900000| Untracked 
| 234|0x00000000eea00000, 0x00000000eea00000, 0x00000000eeb00000|  0%| F|  |TAMS 0x00000000eea00000, 0x00000000eea00000| Untracked 
| 235|0x00000000eeb00000, 0x00000000eeb00000, 0x00000000eec00000|  0%| F|  |TAMS 0x00000000eeb00000, 0x00000000eeb00000| Untracked 
| 236|0x00000000eec00000, 0x00000000eec00000, 0x00000000eed00000|  0%| F|  |TAMS 0x00000000eec00000, 0x00000000eec00000| Untracked 
| 237|0x00000000eed00000, 0x00000000eed00000, 0x00000000eee00000|  0%| F|  |TAMS 0x00000000eed00000, 0x00000000eed00000| Untracked 
| 238|0x00000000eee00000, 0x00000000eee00000, 0x00000000eef00000|  0%| F|  |TAMS 0x00000000eee00000, 0x00000000eee00000| Untracked 
| 239|0x00000000eef00000, 0x00000000eef00000, 0x00000000ef000000|  0%| F|  |TAMS 0x00000000eef00000, 0x00000000eef00000| Untracked 
| 240|0x00000000ef000000, 0x00000000ef000000, 0x00000000ef100000|  0%| F|  |TAMS 0x00000000ef000000, 0x00000000ef000000| Untracked 
| 241|0x00000000ef100000, 0x00000000ef100000, 0x00000000ef200000|  0%| F|  |TAMS 0x00000000ef100000, 0x00000000ef100000| Untracked 
| 242|0x00000000ef200000, 0x00000000ef200000, 0x00000000ef300000|  0%| F|  |TAMS 0x00000000ef200000, 0x00000000ef200000| Untracked 
| 243|0x00000000ef300000, 0x00000000ef300000, 0x00000000ef400000|  0%| F|  |TAMS 0x00000000ef300000, 0x00000000ef300000| Untracked 
| 244|0x00000000ef400000, 0x00000000ef400000, 0x00000000ef500000|  0%| F|  |TAMS 0x00000000ef400000, 0x00000000ef400000| Untracked 
| 245|0x00000000ef500000, 0x00000000ef500000, 0x00000000ef600000|  0%| F|  |TAMS 0x00000000ef500000, 0x00000000ef500000| Untracked 
| 246|0x00000000ef600000, 0x00000000ef600000, 0x00000000ef700000|  0%| F|  |TAMS 0x00000000ef600000, 0x00000000ef600000| Untracked 
| 247|0x00000000ef700000, 0x00000000ef700000, 0x00000000ef800000|  0%| F|  |TAMS 0x00000000ef700000, 0x00000000ef700000| Untracked 
| 248|0x00000000ef800000, 0x00000000ef800000, 0x00000000ef900000|  0%| F|  |TAMS 0x00000000ef800000, 0x00000000ef800000| Untracked 
| 249|0x00000000ef900000, 0x00000000ef999148, 0x00000000efa00000| 59%| E|  |TAMS 0x00000000ef900000, 0x00000000ef900000| Complete 
| 250|0x00000000efa00000, 0x00000000efb00000, 0x00000000efb00000|100%| E|CS|TAMS 0x00000000efa00000, 0x00000000efa00000| Complete 
| 251|0x00000000efb00000, 0x00000000efc00000, 0x00000000efc00000|100%| E|CS|TAMS 0x00000000efb00000, 0x00000000efb00000| Complete 
| 252|0x00000000efc00000, 0x00000000efd00000, 0x00000000efd00000|100%| E|CS|TAMS 0x00000000efc00000, 0x00000000efc00000| Complete 
| 253|0x00000000efd00000, 0x00000000efe00000, 0x00000000efe00000|100%| E|CS|TAMS 0x00000000efd00000, 0x00000000efd00000| Complete 
| 254|0x00000000efe00000, 0x00000000eff00000, 0x00000000eff00000|100%| E|CS|TAMS 0x00000000efe00000, 0x00000000efe00000| Complete 
| 255|0x00000000eff00000, 0x00000000f0000000, 0x00000000f0000000|100%| E|CS|TAMS 0x00000000eff00000, 0x00000000eff00000| Complete 

Card table byte_map: [0x00000153e17c0000,0x00000153e18c0000] _byte_map_base: 0x00000153e10c0000

Marking Bits (Prev, Next): (CMBitMap*) 0x00000153cf70ce90, (CMBitMap*) 0x00000153cf70ced0
 Prev Bits: [0x00000153e19c0000, 0x00000153e21c0000)
 Next Bits: [0x00000153e21c0000, 0x00000153e29c0000)

Polling page: 0x00000153ceea0000

Metaspace:

Usage:
  Non-class:     67.21 MB used.
      Class:     10.03 MB used.
       Both:     77.24 MB used.

Virtual space:
  Non-class space:      128.00 MB reserved,      67.56 MB ( 53%) committed,  2 nodes.
      Class space:      208.00 MB reserved,      10.38 MB (  5%) committed,  1 nodes.
             Both:      336.00 MB reserved,      77.94 MB ( 23%) committed. 

Chunk freelists:
   Non-Class:  11.84 MB
       Class:  5.47 MB
        Both:  17.32 MB

MaxMetaspaceSize: 256.00 MB
CompressedClassSpaceSize: 208.00 MB
Initial GC threshold: 21.00 MB
Current GC threshold: 105.12 MB
CDS: off
MetaspaceReclaimPolicy: balanced
 - commit_granule_bytes: 65536.
 - commit_granule_words: 8192.
 - virtual_space_node_default_size: 8388608.
 - enlarge_chunks_in_place: 1.
 - new_chunks_are_fully_committed: 0.
 - uncommit_free_chunks: 1.
 - use_allocation_guard: 0.
 - handle_deallocations: 1.


Internal statistics:

num_allocs_failed_limit: 12.
num_arena_births: 886.
num_arena_deaths: 16.
num_vsnodes_births: 3.
num_vsnodes_deaths: 0.
num_space_committed: 1247.
num_space_uncommitted: 0.
num_chunks_returned_to_freelist: 36.
num_chunks_taken_from_freelist: 3744.
num_chunk_merges: 8.
num_chunk_splits: 2335.
num_chunks_enlarged: 1434.
num_inconsistent_stats: 0.

CodeHeap 'non-profiled nmethods': size=120000Kb used=10564Kb max_used=10564Kb free=109436Kb
 bounds [0x00000153d9e50000, 0x00000153da8b0000, 0x00000153e1380000]
CodeHeap 'profiled nmethods': size=120000Kb used=25413Kb max_used=26039Kb free=94586Kb
 bounds [0x00000153d2380000, 0x00000153d3d30000, 0x00000153d98b0000]
CodeHeap 'non-nmethods': size=5760Kb used=2409Kb max_used=2462Kb free=3350Kb
 bounds [0x00000153d98b0000, 0x00000153d9b20000, 0x00000153d9e50000]
 total_blobs=13880 nmethods=12940 adapters=851
 compilation: enabled
              stopped_count=0, restarted_count=0
 full_count=0

Compilation events (20 events):
Event: 81.630 Thread 0x00000153e547dee0 nmethod 15601 0x00000153d3175910 code [0x00000153d3175b80, 0x00000153d3176728]
Event: 81.630 Thread 0x00000153e547dee0 15598       3       org.apache.groovy.parser.antlr4.GroovyParser$PathExpressionContext::STATIC (8 bytes)
Event: 81.630 Thread 0x00000153e547dee0 nmethod 15598 0x00000153d31cad10 code [0x00000153d31caea0, 0x00000153d31cb068]
Event: 81.630 Thread 0x00000153e547dee0 15599       3       org.apache.groovy.parser.antlr4.GroovyParser$PathExpressionContext::primary (11 bytes)
Event: 81.630 Thread 0x00000153e547dee0 nmethod 15599 0x00000153d3061c90 code [0x00000153d3061e40, 0x00000153d30622c8]
Event: 81.630 Thread 0x00000153e547dee0 15600       3       org.apache.groovy.parser.antlr4.GroovyParser$PathExpressionContext::pathElement (7 bytes)
Event: 81.630 Thread 0x00000153e547dee0 nmethod 15600 0x00000153d3429410 code [0x00000153d34295c0, 0x00000153d3429788]
Event: 81.635 Thread 0x00000153ef4f0470 nmethod 15578 0x00000153da88c490 code [0x00000153da88c6a0, 0x00000153da88e0b8]
Event: 81.635 Thread 0x00000153ef4f0470 15589 %     4       groovyjarjarantlr4.v4.runtime.atn.ParserATNSimulator::computeTargetState @ 190 (617 bytes)
Event: 81.849 Thread 0x00000153e547dee0 15603       3       org.gradle.internal.snapshot.SnapshotUtil::getMetadataFromChildren (21 bytes)
Event: 81.849 Thread 0x00000153e547dee0 nmethod 15603 0x00000153d2dafc10 code [0x00000153d2dafde0, 0x00000153d2db0248]
Event: 81.849 Thread 0x00000153e547dee0 15604       3       org.gradle.internal.snapshot.SnapshotUtil$1::<init> (15 bytes)
Event: 81.849 Thread 0x00000153e547dee0 nmethod 15604 0x00000153d350b110 code [0x00000153d350b2c0, 0x00000153d350b4d8]
Event: 81.849 Thread 0x00000153e547dee0 15605       1       org.gradle.cache.internal.DefaultPersistentDirectoryStore::getBaseDir (5 bytes)
Event: 81.849 Thread 0x00000153e547dee0 nmethod 15605 0x00000153da88ed90 code [0x00000153da88ef20, 0x00000153da88eff8]
Event: 81.891 Thread 0x00000153e547dee0 15606       3       java.util.Random::<init> (12 bytes)
Event: 81.891 Thread 0x00000153e547dee0 nmethod 15606 0x00000153d3b23a90 code [0x00000153d3b23c40, 0x00000153d3b23dd8]
Event: 81.891 Thread 0x00000153e547dee0 15607       3       java.util.Random::seedUniquifier (29 bytes)
Event: 81.892 Thread 0x00000153e547dee0 nmethod 15607 0x00000153d32cb610 code [0x00000153d32cb7c0, 0x00000153d32cb9c8]
Event: 81.893 Thread 0x00000153e547dee0 15608       3       org.gradle.internal.FileUtils::normalize (52 bytes)

GC Heap History (20 events):
Event: 11.783 GC heap before
{Heap before GC invocations=9 (full 0):
 garbage-first heap   total 262144K, used 114273K [0x00000000e0000000, 0x0000000100000000)
  region size 1024K, 78 young (79872K), 9 survivors (9216K)
 Metaspace       used 59926K, committed 60416K, reserved 278528K
  class space    used 7995K, committed 8256K, reserved 212992K
}
Event: 11.791 GC heap after
{Heap after GC invocations=10 (full 0):
 garbage-first heap   total 262144K, used 47363K [0x00000000e0000000, 0x0000000100000000)
  region size 1024K, 13 young (13312K), 13 survivors (13312K)
 Metaspace       used 59926K, committed 60416K, reserved 278528K
  class space    used 7995K, committed 8256K, reserved 212992K
}
Event: 32.359 GC heap before
{Heap before GC invocations=11 (full 0):
 garbage-first heap   total 262144K, used 189699K [0x00000000e0000000, 0x0000000100000000)
  region size 1024K, 153 young (156672K), 13 survivors (13312K)
 Metaspace       used 63964K, committed 64448K, reserved 278528K
  class space    used 8378K, committed 8640K, reserved 212992K
}
Event: 32.369 GC heap after
{Heap after GC invocations=12 (full 0):
 garbage-first heap   total 262144K, used 51564K [0x00000000e0000000, 0x0000000100000000)
  region size 1024K, 9 young (9216K), 9 survivors (9216K)
 Metaspace       used 63964K, committed 64448K, reserved 278528K
  class space    used 8378K, committed 8640K, reserved 212992K
}
Event: 32.734 GC heap before
{Heap before GC invocations=13 (full 0):
 garbage-first heap   total 262144K, used 199020K [0x00000000e0000000, 0x0000000100000000)
  region size 1024K, 153 young (156672K), 9 survivors (9216K)
 Metaspace       used 64028K, committed 64576K, reserved 278528K
  class space    used 8381K, committed 8640K, reserved 212992K
}
Event: 32.740 GC heap after
{Heap after GC invocations=14 (full 0):
 garbage-first heap   total 262144K, used 51405K [0x00000000e0000000, 0x0000000100000000)
  region size 1024K, 9 young (9216K), 9 survivors (9216K)
 Metaspace       used 64028K, committed 64576K, reserved 278528K
  class space    used 8381K, committed 8640K, reserved 212992K
}
Event: 33.076 GC heap before
{Heap before GC invocations=14 (full 0):
 garbage-first heap   total 262144K, used 198861K [0x00000000e0000000, 0x0000000100000000)
  region size 1024K, 153 young (156672K), 9 survivors (9216K)
 Metaspace       used 64035K, committed 64576K, reserved 278528K
  class space    used 8381K, committed 8640K, reserved 212992K
}
Event: 33.081 GC heap after
{Heap after GC invocations=15 (full 0):
 garbage-first heap   total 262144K, used 50332K [0x00000000e0000000, 0x0000000100000000)
  region size 1024K, 8 young (8192K), 8 survivors (8192K)
 Metaspace       used 64035K, committed 64576K, reserved 278528K
  class space    used 8381K, committed 8640K, reserved 212992K
}
Event: 35.230 GC heap before
{Heap before GC invocations=15 (full 0):
 garbage-first heap   total 262144K, used 197788K [0x00000000e0000000, 0x0000000100000000)
  region size 1024K, 153 young (156672K), 8 survivors (8192K)
 Metaspace       used 68027K, committed 68672K, reserved 278528K
  class space    used 9018K, committed 9344K, reserved 212992K
}
Event: 35.237 GC heap after
{Heap after GC invocations=16 (full 0):
 garbage-first heap   total 262144K, used 51840K [0x00000000e0000000, 0x0000000100000000)
  region size 1024K, 10 young (10240K), 10 survivors (10240K)
 Metaspace       used 68027K, committed 68672K, reserved 278528K
  class space    used 9018K, committed 9344K, reserved 212992K
}
Event: 40.026 GC heap before
{Heap before GC invocations=16 (full 0):
 garbage-first heap   total 262144K, used 197248K [0x00000000e0000000, 0x0000000100000000)
  region size 1024K, 153 young (156672K), 10 survivors (10240K)
 Metaspace       used 72559K, committed 73216K, reserved 278528K
  class space    used 9520K, committed 9856K, reserved 212992K
}
Event: 40.037 GC heap after
{Heap after GC invocations=17 (full 0):
 garbage-first heap   total 262144K, used 60545K [0x00000000e0000000, 0x0000000100000000)
  region size 1024K, 18 young (18432K), 18 survivors (18432K)
 Metaspace       used 72559K, committed 73216K, reserved 278528K
  class space    used 9520K, committed 9856K, reserved 212992K
}
Event: 41.695 GC heap before
{Heap before GC invocations=17 (full 0):
 garbage-first heap   total 262144K, used 197761K [0x00000000e0000000, 0x0000000100000000)
  region size 1024K, 153 young (156672K), 18 survivors (18432K)
 Metaspace       used 72749K, committed 73408K, reserved 278528K
  class space    used 9520K, committed 9856K, reserved 212992K
}
Event: 41.706 GC heap after
{Heap after GC invocations=18 (full 0):
 garbage-first heap   total 262144K, used 65071K [0x00000000e0000000, 0x0000000100000000)
  region size 1024K, 14 young (14336K), 14 survivors (14336K)
 Metaspace       used 72749K, committed 73408K, reserved 278528K
  class space    used 9520K, committed 9856K, reserved 212992K
}
Event: 43.863 GC heap before
{Heap before GC invocations=18 (full 0):
 garbage-first heap   total 262144K, used 206383K [0x00000000e0000000, 0x0000000100000000)
  region size 1024K, 153 young (156672K), 14 survivors (14336K)
 Metaspace       used 73095K, committed 73792K, reserved 278528K
  class space    used 9525K, committed 9856K, reserved 212992K
}
Event: 43.869 GC heap after
{Heap after GC invocations=19 (full 0):
 garbage-first heap   total 262144K, used 63441K [0x00000000e0000000, 0x0000000100000000)
  region size 1024K, 6 young (6144K), 6 survivors (6144K)
 Metaspace       used 73095K, committed 73792K, reserved 278528K
  class space    used 9525K, committed 9856K, reserved 212992K
}
Event: 48.239 GC heap before
{Heap before GC invocations=19 (full 0):
 garbage-first heap   total 262144K, used 213969K [0x00000000e0000000, 0x0000000100000000)
  region size 1024K, 153 young (156672K), 6 survivors (6144K)
 Metaspace       used 73529K, committed 74176K, reserved 278528K
  class space    used 9544K, committed 9856K, reserved 212992K
}
Event: 48.245 GC heap after
{Heap after GC invocations=20 (full 0):
 garbage-first heap   total 262144K, used 65396K [0x00000000e0000000, 0x0000000100000000)
  region size 1024K, 8 young (8192K), 8 survivors (8192K)
 Metaspace       used 73529K, committed 74176K, reserved 278528K
  class space    used 9544K, committed 9856K, reserved 212992K
}
Event: 57.748 GC heap before
{Heap before GC invocations=20 (full 0):
 garbage-first heap   total 262144K, used 212852K [0x00000000e0000000, 0x0000000100000000)
  region size 1024K, 153 young (156672K), 8 survivors (8192K)
 Metaspace       used 74719K, committed 75392K, reserved 344064K
  class space    used 9607K, committed 9920K, reserved 212992K
}
Event: 57.754 GC heap after
{Heap after GC invocations=21 (full 0):
 garbage-first heap   total 262144K, used 68122K [0x00000000e0000000, 0x0000000100000000)
  region size 1024K, 11 young (11264K), 11 survivors (11264K)
 Metaspace       used 74719K, committed 75392K, reserved 344064K
  class space    used 9607K, committed 9920K, reserved 212992K
}

Dll operation events (12 events):
Event: 0.014 Loaded shared library C:\Users\kraM\.vscode\extensions\redhat.java-1.31.0-win32-x64\jre\17.0.11-win32-x86_64\bin\java.dll
Event: 0.135 Loaded shared library C:\Users\kraM\.vscode\extensions\redhat.java-1.31.0-win32-x64\jre\17.0.11-win32-x86_64\bin\net.dll
Event: 0.138 Loaded shared library C:\Users\kraM\.vscode\extensions\redhat.java-1.31.0-win32-x64\jre\17.0.11-win32-x86_64\bin\nio.dll
Event: 0.144 Loaded shared library C:\Users\kraM\.vscode\extensions\redhat.java-1.31.0-win32-x64\jre\17.0.11-win32-x86_64\bin\zip.dll
Event: 0.361 Loaded shared library C:\Users\kraM\.vscode\extensions\redhat.java-1.31.0-win32-x64\jre\17.0.11-win32-x86_64\bin\jimage.dll
Event: 0.425 Loaded shared library C:\Users\kraM\.vscode\extensions\redhat.java-1.31.0-win32-x64\jre\17.0.11-win32-x86_64\bin\verify.dll
Event: 0.618 Loaded shared library C:\Users\kraM\.gradle\native\68d5fa5c4cc2d200863cafc0d521ce42e7d3e7ee720ec0a83991735586a16f82\windows-amd64\native-platform.dll
Event: 0.711 Loaded shared library C:\Users\kraM\.gradle\native\e376f236ea51e6404a007f0833ffe2c6e607c4080706a723a18a27aeea778392\windows-amd64\native-platform-file-events.dll
Event: 1.581 Loaded shared library C:\Users\kraM\.vscode\extensions\redhat.java-1.31.0-win32-x64\jre\17.0.11-win32-x86_64\bin\management.dll
Event: 1.583 Loaded shared library C:\Users\kraM\.vscode\extensions\redhat.java-1.31.0-win32-x64\jre\17.0.11-win32-x86_64\bin\management_ext.dll
Event: 1.849 Loaded shared library C:\Users\kraM\.vscode\extensions\redhat.java-1.31.0-win32-x64\jre\17.0.11-win32-x86_64\bin\extnet.dll
Event: 2.047 Loaded shared library C:\Users\kraM\.vscode\extensions\redhat.java-1.31.0-win32-x64\jre\17.0.11-win32-x86_64\bin\sunmscapi.dll

Deoptimization events (20 events):
Event: 81.486 Thread 0x00000153ebd4ac20 Uncommon trap: trap_request=0xffffffde fr.pc=0x00000153da7256a0 relative=0x0000000000000520
Event: 81.486 Thread 0x00000153ebd4ac20 Uncommon trap: reason=class_check action=maybe_recompile pc=0x00000153da7256a0 method=java.util.stream.FindOps$FindOp.evaluateSequential(Ljava/util/stream/PipelineHelper;Ljava/util/Spliterator;)Ljava/lang/Object; @ 5 c2
Event: 81.486 Thread 0x00000153ebd4ac20 DEOPT PACKING pc=0x00000153da7256a0 sp=0x0000002af4afb830
Event: 81.486 Thread 0x00000153ebd4ac20 DEOPT UNPACKING pc=0x00000153d99069a3 sp=0x0000002af4afb7f8 mode 2
Event: 81.495 Thread 0x00000153ebd4ac20 Uncommon trap: trap_request=0xffffff45 fr.pc=0x00000153da7e17a4 relative=0x00000000000003e4
Event: 81.495 Thread 0x00000153ebd4ac20 Uncommon trap: reason=unstable_if action=reinterpret pc=0x00000153da7e17a4 method=org.gradle.cache.internal.LockOnDemandCrossProcessCacheAccess.incrementLockCount()V @ 13 c2
Event: 81.495 Thread 0x00000153ebd4ac20 DEOPT PACKING pc=0x00000153da7e17a4 sp=0x0000002af4af8b70
Event: 81.495 Thread 0x00000153ebd4ac20 DEOPT UNPACKING pc=0x00000153d99069a3 sp=0x0000002af4af8b28 mode 2
Event: 81.527 Thread 0x00000153ebd4ac20 Uncommon trap: trap_request=0xffffff45 fr.pc=0x00000153da57fd68 relative=0x0000000000000a08
Event: 81.527 Thread 0x00000153ebd4ac20 Uncommon trap: reason=unstable_if action=reinterpret pc=0x00000153da57fd68 method=java.util.regex.Pattern$Curly.match(Ljava/util/regex/Matcher;ILjava/lang/CharSequence;)Z @ 22 c2
Event: 81.527 Thread 0x00000153ebd4ac20 DEOPT PACKING pc=0x00000153da57fd68 sp=0x0000002af4af93f0
Event: 81.528 Thread 0x00000153ebd4ac20 DEOPT UNPACKING pc=0x00000153d99069a3 sp=0x0000002af4af93e8 mode 2
Event: 81.544 Thread 0x00000153ebd4ac20 Uncommon trap: trap_request=0xffffffde fr.pc=0x00000153da17b038 relative=0x0000000000002538
Event: 81.544 Thread 0x00000153ebd4ac20 Uncommon trap: reason=class_check action=maybe_recompile pc=0x00000153da17b038 method=groovyjarjarantlr4.v4.runtime.atn.ParserATNSimulator.isConflicted(Lgroovyjarjarantlr4/v4/runtime/atn/ATNConfigSet;Lgroovyjarjarantlr4/v4/runtime/atn/PredictionContextCac
Event: 81.544 Thread 0x00000153ebd4ac20 DEOPT PACKING pc=0x00000153da17b038 sp=0x0000002af4af7ea0
Event: 81.544 Thread 0x00000153ebd4ac20 DEOPT UNPACKING pc=0x00000153d99069a3 sp=0x0000002af4af7e20 mode 2
Event: 81.545 Thread 0x00000153ebd4ac20 DEOPT PACKING pc=0x00000153d32b1a3b sp=0x0000002af4af7800
Event: 81.545 Thread 0x00000153ebd4ac20 DEOPT UNPACKING pc=0x00000153d9907143 sp=0x0000002af4af6ca0 mode 0
Event: 81.559 Thread 0x00000153ebd4ac20 DEOPT PACKING pc=0x00000153d32b1a3b sp=0x0000002af4af79a0
Event: 81.560 Thread 0x00000153ebd4ac20 DEOPT UNPACKING pc=0x00000153d9907143 sp=0x0000002af4af6e40 mode 0

Classes unloaded (10 events):
Event: 11.831 Thread 0x00000153e54193f0 Unloading class 0x00000001005b8918 '_BuildScript_$_run_closure1$_closure2'
Event: 11.831 Thread 0x00000153e54193f0 Unloading class 0x00000001005b8530 '_BuildScript_$_run_closure1'
Event: 11.831 Thread 0x00000153e54193f0 Unloading class 0x00000001005b8000 '_BuildScript_'
Event: 11.831 Thread 0x00000153e54193f0 Unloading class 0x00000001003ebc00 'java/lang/invoke/LambdaForm$MH+0x00000001003ebc00'
Event: 11.831 Thread 0x00000153e54193f0 Unloading class 0x00000001003eb800 'java/lang/invoke/LambdaForm$DMH+0x00000001003eb800'
Event: 11.831 Thread 0x00000153e54193f0 Unloading class 0x00000001003eb400 'java/lang/invoke/LambdaForm$MH+0x00000001003eb400'
Event: 11.831 Thread 0x00000153e54193f0 Unloading class 0x00000001003eac00 'java/lang/invoke/LambdaForm$DMH+0x00000001003eac00'
Event: 11.831 Thread 0x00000153e54193f0 Unloading class 0x00000001003ea000 'java/lang/invoke/LambdaForm$DMH+0x00000001003ea000'
Event: 11.831 Thread 0x00000153e54193f0 Unloading class 0x00000001003e9c00 'java/lang/invoke/LambdaForm$DMH+0x00000001003e9c00'
Event: 11.831 Thread 0x00000153e54193f0 Unloading class 0x00000001003e9800 'java/lang/invoke/LambdaForm$DMH+0x00000001003e9800'

Classes redefined (0 events):
No events

Internal exceptions (20 events):
Event: 79.885 Thread 0x00000153ebd4bb50 Exception <a 'java/lang/NoSuchMethodError'{0x00000000eb03d928}: static Lorg/gradle/internal/build/event/types/DefaultTaskFinishedProgressEvent;.<clinit>()V> (0x00000000eb03d928) 
thrown [s\src\hotspot\share\prims\jni.cpp, line 1112]
Event: 79.889 Thread 0x00000153ebd4bb50 Exception <a 'java/lang/NoSuchMethodError'{0x00000000eb06c300}: static Lorg/gradle/internal/build/event/types/DefaultTaskSuccessResult;.<clinit>()V> (0x00000000eb06c300) 
thrown [s\src\hotspot\share\prims\jni.cpp, line 1112]
Event: 79.889 Thread 0x00000153ebd4bb50 Exception <a 'java/lang/NoSuchMethodError'{0x00000000eb06d570}: static Lorg/gradle/internal/build/event/types/AbstractTaskResult;.<clinit>()V> (0x00000000eb06d570) 
thrown [s\src\hotspot\share\prims\jni.cpp, line 1112]
Event: 80.047 Thread 0x00000153ebd4ac20 Exception <a 'java/lang/NoSuchMethodError'{0x00000000ea326e28}: 'int java.lang.invoke.DirectMethodHandle$Holder.invokeSpecialIFC(java.lang.Object, java.lang.Object, java.lang.Object, java.lang.Object, java.lang.Object)'> (0x00000000ea326e28) 
thrown [s\src\hotspot\share\interpreter\linkResolver.cpp, line 759]
Event: 80.201 Thread 0x00000153ebd4ac20 Exception <a 'java/lang/ClassNotFoundException'{0x00000000e97b8578}: org/gradle/api/tasks/testing/Test_DecoratedBeanInfo> (0x00000000e97b8578) 
thrown [s\src\hotspot\share\classfile\systemDictionary.cpp, line 256]
Event: 80.201 Thread 0x00000153ebd4ac20 Exception <a 'java/lang/ClassNotFoundException'{0x00000000e97c4b80}: org/gradle/api/tasks/testing/TestBeanInfo> (0x00000000e97c4b80) 
thrown [s\src\hotspot\share\classfile\systemDictionary.cpp, line 256]
Event: 80.202 Thread 0x00000153ebd4ac20 Exception <a 'java/lang/ClassNotFoundException'{0x00000000e97d12e0}: org/gradle/api/tasks/testing/AbstractTestTaskBeanInfo> (0x00000000e97d12e0) 
thrown [s\src\hotspot\share\classfile\systemDictionary.cpp, line 256]
Event: 80.204 Thread 0x00000153ebd4ac20 Exception <a 'java/lang/ClassNotFoundException'{0x00000000e97ddad0}: org/gradle/api/tasks/testing/AbstractTestTaskCustomizer> (0x00000000e97ddad0) 
thrown [s\src\hotspot\share\classfile\systemDictionary.cpp, line 256]
Event: 80.207 Thread 0x00000153ebd4ac20 Exception <a 'java/lang/ClassNotFoundException'{0x00000000e960a158}: org/gradle/api/tasks/testing/TestCustomizer> (0x00000000e960a158) 
thrown [s\src\hotspot\share\classfile\systemDictionary.cpp, line 256]
Event: 80.218 Thread 0x00000153ebd4ac20 Exception <a 'java/lang/ClassNotFoundException'{0x00000000e9696610}: org/gradle/api/tasks/testing/Test_DecoratedCustomizer> (0x00000000e9696610) 
thrown [s\src\hotspot\share\classfile\systemDictionary.cpp, line 256]
Event: 80.363 Thread 0x00000153ebd4bb50 Exception <a 'java/lang/NoSuchMethodError'{0x00000000e959a9a0}: static Lorg/gradle/internal/classloader/ClassLoaderSpec;.<clinit>()V> (0x00000000e959a9a0) 
thrown [s\src\hotspot\share\prims\jni.cpp, line 1112]
Event: 80.363 Thread 0x00000153ebd4bb50 Exception <a 'java/lang/NoSuchMethodError'{0x00000000e8f00b48}: static Lorg/gradle/internal/classloader/VisitableURLClassLoader$Spec;.<clinit>()V> (0x00000000e8f00b48) 
thrown [s\src\hotspot\share\prims\jni.cpp, line 1112]
Event: 80.365 Thread 0x00000153ebd4ac20 Implicit null exception at 0x00000153da79dfd9 to 0x00000153da79f7cb
Event: 80.366 Thread 0x00000153ebd4bb50 Exception <a 'java/lang/NoSuchMethodError'{0x00000000e8f136b0}: static [Ljava/net/URL;.<clinit>()V> (0x00000000e8f136b0) 
thrown [s\src\hotspot\share\prims\jni.cpp, line 1112]
Event: 80.367 Thread 0x00000153ebd4bb50 Exception <a 'java/lang/NoSuchMethodError'{0x00000000e8f1abb8}: static [B.<clinit>()V> (0x00000000e8f1abb8) 
thrown [s\src\hotspot\share\prims\jni.cpp, line 1112]
Event: 80.367 Thread 0x00000153ebd4ac20 Exception <a 'java/lang/NoSuchMethodError'{0x00000000e909b1e8}: 'java.lang.Object java.lang.invoke.DirectMethodHandle$Holder.newInvokeSpecial(java.lang.Object, java.lang.Object, java.lang.Object, java.lang.Object, int, java.lang.Object)'> (0x00000000e909b1e8) 
thrown [s\src\hotspot\share\interpreter\linkResolver.cpp, line 759]
Event: 80.368 Thread 0x00000153ebd4ac20 Exception <a 'java/lang/NoSuchMethodError'{0x00000000e909f508}: 'java.lang.Object java.lang.invoke.Invokers$Holder.linkToTargetMethod(java.lang.Object, java.lang.Object, java.lang.Object, int, java.lang.Object, java.lang.Object)'> (0x00000000e909f508) 
thrown [s\src\hotspot\share\interpreter\linkResolver.cpp, line 759]
Event: 81.871 Thread 0x00000153edd2d600 Exception <a 'sun/nio/fs/WindowsException'{0x00000000e75882d8}> (0x00000000e75882d8) 
thrown [s\src\hotspot\share\prims\jni.cpp, line 516]
Event: 81.872 Thread 0x00000153edd2d600 Exception <a 'sun/nio/fs/WindowsException'{0x00000000e759c630}> (0x00000000e759c630) 
thrown [s\src\hotspot\share\prims\jni.cpp, line 516]
Event: 81.872 Thread 0x00000153edd2d600 Exception <a 'sun/nio/fs/WindowsException'{0x00000000e759c7a0}> (0x00000000e759c7a0) 
thrown [s\src\hotspot\share\prims\jni.cpp, line 516]

VM Operations (20 events):
Event: 79.868 Executing VM operation: HandshakeAllThreads
Event: 79.869 Executing VM operation: HandshakeAllThreads done
Event: 79.872 Executing VM operation: HandshakeAllThreads
Event: 79.872 Executing VM operation: HandshakeAllThreads done
Event: 79.879 Executing VM operation: HandshakeAllThreads
Event: 79.880 Executing VM operation: HandshakeAllThreads done
Event: 79.883 Executing VM operation: HandshakeAllThreads
Event: 79.884 Executing VM operation: HandshakeAllThreads done
Event: 79.966 Executing VM operation: ICBufferFull
Event: 79.966 Executing VM operation: ICBufferFull done
Event: 80.323 Executing VM operation: HandshakeAllThreads
Event: 80.324 Executing VM operation: HandshakeAllThreads done
Event: 80.325 Executing VM operation: HandshakeAllThreads
Event: 80.325 Executing VM operation: HandshakeAllThreads done
Event: 80.337 Executing VM operation: HandshakeAllThreads
Event: 80.338 Executing VM operation: HandshakeAllThreads done
Event: 81.349 Executing VM operation: Cleanup
Event: 81.349 Executing VM operation: Cleanup done
Event: 81.618 Executing VM operation: HandshakeAllThreads
Event: 81.618 Executing VM operation: HandshakeAllThreads done

Events (20 events):
Event: 80.529 Thread 0x00000153edd29430 Thread exited: 0x00000153edd29430
Event: 80.542 Thread 0x00000153ebd4bb50 Thread exited: 0x00000153ebd4bb50
Event: 80.558 Thread 0x00000153ebd4b640 Thread exited: 0x00000153ebd4b640
Event: 80.560 loading class java/util/Locale$1
Event: 80.560 loading class java/util/Locale$1 done
Event: 80.567 Thread 0x00000153ebd4b130 Thread exited: 0x00000153ebd4b130
Event: 80.692 Thread 0x00000153eb876830 Thread exited: 0x00000153eb876830
Event: 81.465 Thread 0x00000153ef4f3440 Thread exited: 0x00000153ef4f3440
Event: 81.465 Thread 0x00000153ef4f5420 Thread exited: 0x00000153ef4f5420
Event: 81.465 Thread 0x00000153ee8af830 Thread added: 0x00000153ee8af830
Event: 81.472 Thread 0x00000153ee8acaa0 Thread added: 0x00000153ee8acaa0
Event: 81.478 Thread 0x00000153ee8b0c70 Thread added: 0x00000153ee8b0c70
Event: 81.479 Thread 0x00000153ee8acfb0 Thread added: 0x00000153ee8acfb0
Event: 81.479 Thread 0x00000153ee8afd40 Thread added: 0x00000153ee8afd40
Event: 81.495 Thread 0x00000153ee8b1180 Thread added: 0x00000153ee8b1180
Event: 81.502 Thread 0x00000153ee8ad4c0 Thread added: 0x00000153ee8ad4c0
Event: 81.512 Thread 0x00000153ee8ad9d0 Thread added: 0x00000153ee8ad9d0
Event: 81.518 Thread 0x00000153ee8adee0 Thread added: 0x00000153ee8adee0
Event: 81.535 Thread 0x00000153ef4f5420 Thread added: 0x00000153ef4f5420
Event: 81.535 Thread 0x00000153ef4f0470 Thread added: 0x00000153ef4f0470


Dynamic libraries:
0x00007ff78ba40000 - 0x00007ff78ba4e000 	C:\Users\kraM\.vscode\extensions\redhat.java-1.31.0-win32-x64\jre\17.0.11-win32-x86_64\bin\java.exe
0x00007ff893f50000 - 0x00007ff894148000 	C:\WINDOWS\SYSTEM32\ntdll.dll
0x00007ff8923f0000 - 0x00007ff8924ad000 	C:\WINDOWS\System32\KERNEL32.DLL
0x00007ff891b20000 - 0x00007ff891e16000 	C:\WINDOWS\System32\KERNELBASE.dll
0x00007ff891e20000 - 0x00007ff891f20000 	C:\WINDOWS\System32\ucrtbase.dll
0x00007ff878d10000 - 0x00007ff878d27000 	C:\Users\kraM\.vscode\extensions\redhat.java-1.31.0-win32-x64\jre\17.0.11-win32-x86_64\bin\jli.dll
0x00007ff86ed30000 - 0x00007ff86ed4b000 	C:\Users\kraM\.vscode\extensions\redhat.java-1.31.0-win32-x64\jre\17.0.11-win32-x86_64\bin\VCRUNTIME140.dll
0x00007ff893c00000 - 0x00007ff893d9f000 	C:\WINDOWS\System32\USER32.dll
0x00007ff8917a0000 - 0x00007ff8917c2000 	C:\WINDOWS\System32\win32u.dll
0x00007ff893a00000 - 0x00007ff893a2b000 	C:\WINDOWS\System32\GDI32.dll
0x00007ff8909a0000 - 0x00007ff890c3a000 	C:\WINDOWS\WinSxS\amd64_microsoft.windows.common-controls_6595b64144ccf1df_6.0.19041.4355_none_60b8b9eb71f62e16\COMCTL32.dll
0x00007ff891a00000 - 0x00007ff891b17000 	C:\WINDOWS\System32\gdi32full.dll
0x00007ff893e00000 - 0x00007ff893e9e000 	C:\WINDOWS\System32\msvcrt.dll
0x00007ff891960000 - 0x00007ff8919fd000 	C:\WINDOWS\System32\msvcp_win.dll
0x00007ff8939c0000 - 0x00007ff8939ef000 	C:\WINDOWS\System32\IMM32.DLL
0x00007ff87b7c0000 - 0x00007ff87b7cc000 	C:\Users\kraM\.vscode\extensions\redhat.java-1.31.0-win32-x64\jre\17.0.11-win32-x86_64\bin\vcruntime140_1.dll
0x00007ff83be70000 - 0x00007ff83befd000 	C:\Users\kraM\.vscode\extensions\redhat.java-1.31.0-win32-x64\jre\17.0.11-win32-x86_64\bin\msvcp140.dll
0x00007ff8296e0000 - 0x00007ff82a342000 	C:\Users\kraM\.vscode\extensions\redhat.java-1.31.0-win32-x64\jre\17.0.11-win32-x86_64\bin\server\jvm.dll
0x00007ff8924b0000 - 0x00007ff892560000 	C:\WINDOWS\System32\ADVAPI32.dll
0x00007ff892350000 - 0x00007ff8923f0000 	C:\WINDOWS\System32\sechost.dll
0x00007ff8937d0000 - 0x00007ff8938f3000 	C:\WINDOWS\System32\RPCRT4.dll
0x00007ff891770000 - 0x00007ff891797000 	C:\WINDOWS\System32\bcrypt.dll
0x00007ff891200000 - 0x00007ff89124b000 	C:\WINDOWS\SYSTEM32\POWRPROF.dll
0x00007ff881470000 - 0x00007ff881497000 	C:\WINDOWS\SYSTEM32\WINMM.dll
0x00007ff878d00000 - 0x00007ff878d09000 	C:\WINDOWS\SYSTEM32\WSOCK32.dll
0x00007ff88f320000 - 0x00007ff88f32a000 	C:\WINDOWS\SYSTEM32\VERSION.dll
0x00007ff893ea0000 - 0x00007ff893f0b000 	C:\WINDOWS\System32\WS2_32.dll
0x00007ff890c70000 - 0x00007ff890c82000 	C:\WINDOWS\SYSTEM32\UMPDC.dll
0x00007ff88e690000 - 0x00007ff88e6a2000 	C:\WINDOWS\SYSTEM32\kernel.appcore.dll
0x00007ff878cd0000 - 0x00007ff878cda000 	C:\Users\kraM\.vscode\extensions\redhat.java-1.31.0-win32-x64\jre\17.0.11-win32-x86_64\bin\jimage.dll
0x00007ff891010000 - 0x00007ff8911f4000 	C:\WINDOWS\SYSTEM32\DBGHELP.DLL
0x00007ff890da0000 - 0x00007ff890dd4000 	C:\WINDOWS\SYSTEM32\dbgcore.DLL
0x00007ff8917d0000 - 0x00007ff891852000 	C:\WINDOWS\System32\bcryptPrimitives.dll
0x00007ff86aac0000 - 0x00007ff86aae5000 	C:\Users\kraM\.vscode\extensions\redhat.java-1.31.0-win32-x64\jre\17.0.11-win32-x86_64\bin\java.dll
0x00007ff86ed10000 - 0x00007ff86ed28000 	C:\Users\kraM\.vscode\extensions\redhat.java-1.31.0-win32-x64\jre\17.0.11-win32-x86_64\bin\zip.dll
0x00007ff892cf0000 - 0x00007ff89345c000 	C:\WINDOWS\System32\SHELL32.dll
0x00007ff88e890000 - 0x00007ff88f02d000 	C:\WINDOWS\SYSTEM32\windows.storage.dll
0x00007ff893460000 - 0x00007ff8937b3000 	C:\WINDOWS\System32\combase.dll
0x00007ff890930000 - 0x00007ff89095e000 	C:\WINDOWS\SYSTEM32\Wldp.dll
0x00007ff891f90000 - 0x00007ff89205d000 	C:\WINDOWS\System32\OLEAUT32.dll
0x00007ff892560000 - 0x00007ff89260d000 	C:\WINDOWS\System32\SHCORE.dll
0x00007ff8920e0000 - 0x00007ff892135000 	C:\WINDOWS\System32\shlwapi.dll
0x00007ff891540000 - 0x00007ff891564000 	C:\WINDOWS\SYSTEM32\profapi.dll
0x00007ff86aa30000 - 0x00007ff86aa49000 	C:\Users\kraM\.vscode\extensions\redhat.java-1.31.0-win32-x64\jre\17.0.11-win32-x86_64\bin\net.dll
0x00007ff87fb80000 - 0x00007ff87fc8a000 	C:\WINDOWS\SYSTEM32\WINHTTP.dll
0x00007ff890610000 - 0x00007ff89067a000 	C:\WINDOWS\system32\mswsock.dll
0x00007ff84b560000 - 0x00007ff84b576000 	C:\Users\kraM\.vscode\extensions\redhat.java-1.31.0-win32-x64\jre\17.0.11-win32-x86_64\bin\nio.dll
0x00007ff878170000 - 0x00007ff878180000 	C:\Users\kraM\.vscode\extensions\redhat.java-1.31.0-win32-x64\jre\17.0.11-win32-x86_64\bin\verify.dll
0x00007ff86f100000 - 0x00007ff86f127000 	C:\Users\kraM\.gradle\native\68d5fa5c4cc2d200863cafc0d521ce42e7d3e7ee720ec0a83991735586a16f82\windows-amd64\native-platform.dll
0x00007ff82ff20000 - 0x00007ff830064000 	C:\Users\kraM\.gradle\native\e376f236ea51e6404a007f0833ffe2c6e607c4080706a723a18a27aeea778392\windows-amd64\native-platform-file-events.dll
0x00007ff877290000 - 0x00007ff877299000 	C:\Users\kraM\.vscode\extensions\redhat.java-1.31.0-win32-x64\jre\17.0.11-win32-x86_64\bin\management.dll
0x00007ff877110000 - 0x00007ff87711b000 	C:\Users\kraM\.vscode\extensions\redhat.java-1.31.0-win32-x64\jre\17.0.11-win32-x86_64\bin\management_ext.dll
0x00007ff8939f0000 - 0x00007ff8939f8000 	C:\WINDOWS\System32\PSAPI.DLL
0x00007ff891370000 - 0x00007ff891388000 	C:\WINDOWS\SYSTEM32\CRYPTSP.dll
0x00007ff88fff0000 - 0x00007ff890024000 	C:\WINDOWS\system32\rsaenh.dll
0x00007ff8914f0000 - 0x00007ff89151e000 	C:\WINDOWS\SYSTEM32\USERENV.dll
0x00007ff890920000 - 0x00007ff89092c000 	C:\WINDOWS\SYSTEM32\CRYPTBASE.dll
0x00007ff890450000 - 0x00007ff89048b000 	C:\WINDOWS\SYSTEM32\IPHLPAPI.DLL
0x00007ff8939b0000 - 0x00007ff8939b8000 	C:\WINDOWS\System32\NSI.dll
0x00007ff880870000 - 0x00007ff880887000 	C:\WINDOWS\SYSTEM32\dhcpcsvc6.DLL
0x00007ff8807c0000 - 0x00007ff8807dd000 	C:\WINDOWS\SYSTEM32\dhcpcsvc.DLL
0x00007ff8904b0000 - 0x00007ff89057a000 	C:\WINDOWS\SYSTEM32\DNSAPI.dll
0x00007ff871b40000 - 0x00007ff871b49000 	C:\Users\kraM\.vscode\extensions\redhat.java-1.31.0-win32-x64\jre\17.0.11-win32-x86_64\bin\extnet.dll
0x00007ff872990000 - 0x00007ff87299e000 	C:\Users\kraM\.vscode\extensions\redhat.java-1.31.0-win32-x64\jre\17.0.11-win32-x86_64\bin\sunmscapi.dll
0x00007ff891610000 - 0x00007ff89176e000 	C:\WINDOWS\System32\CRYPT32.dll
0x00007ff890c40000 - 0x00007ff890c69000 	C:\WINDOWS\SYSTEM32\ncrypt.dll
0x00007ff890960000 - 0x00007ff89099b000 	C:\WINDOWS\SYSTEM32\NTASN1.dll
0x00007ff87ba00000 - 0x00007ff87ba07000 	C:\WINDOWS\system32\wshunix.dll
0x00007ff891330000 - 0x00007ff891363000 	C:\WINDOWS\SYSTEM32\ntmarta.dll
0x00007ff87e330000 - 0x00007ff87e33a000 	C:\Windows\System32\rasadhlp.dll
0x00007ff87e4c0000 - 0x00007ff87e540000 	C:\WINDOWS\System32\fwpuclnt.dll

dbghelp: loaded successfully - version: 4.0.5 - missing functions: none
symbol engine: initialized successfully - sym options: 0x614 - pdb path: .;C:\Users\kraM\.vscode\extensions\redhat.java-1.31.0-win32-x64\jre\17.0.11-win32-x86_64\bin;C:\WINDOWS\SYSTEM32;C:\WINDOWS\WinSxS\amd64_microsoft.windows.common-controls_6595b64144ccf1df_6.0.19041.4355_none_60b8b9eb71f62e16;C:\Users\kraM\.vscode\extensions\redhat.java-1.31.0-win32-x64\jre\17.0.11-win32-x86_64\bin\server;C:\Users\kraM\.gradle\native\68d5fa5c4cc2d200863cafc0d521ce42e7d3e7ee720ec0a83991735586a16f82\windows-amd64;C:\Users\kraM\.gradle\native\e376f236ea51e6404a007f0833ffe2c6e607c4080706a723a18a27aeea778392\windows-amd64

VM Arguments:
jvm_args: --add-opens=java.base/java.util=ALL-UNNAMED --add-opens=java.base/java.lang=ALL-UNNAMED --add-opens=java.base/java.lang.invoke=ALL-UNNAMED --add-opens=java.prefs/java.util.prefs=ALL-UNNAMED --add-opens=java.base/java.nio.charset=ALL-UNNAMED --add-opens=java.base/java.net=ALL-UNNAMED --add-opens=java.base/java.util.concurrent.atomic=ALL-UNNAMED -XX:MaxMetaspaceSize=256m -XX:+HeapDumpOnOutOfMemoryError -Xms256m -Xmx512m -Dfile.encoding=utf8 -Duser.country=BR -Duser.language=pt -Duser.variant 
java_command: org.gradle.launcher.daemon.bootstrap.GradleDaemon 7.6.1
java_class_path (initial): C:\Users\kraM\.gradle\wrapper\dists\gradle-7.6.1-bin\2clxi94ab3brv6467628wnxmd\gradle-7.6.1\lib\gradle-launcher-7.6.1.jar
Launcher Type: SUN_STANDARD

[Global flags]
     intx CICompilerCount                          = 4                                         {product} {ergonomic}
   size_t CompressedClassSpaceSize                 = 218103808                                 {product} {ergonomic}
     uint ConcGCThreads                            = 2                                         {product} {ergonomic}
     uint G1ConcRefinementThreads                  = 8                                         {product} {ergonomic}
   size_t G1HeapRegionSize                         = 1048576                                   {product} {ergonomic}
    uintx GCDrainStackTargetSize                   = 64                                        {product} {ergonomic}
     bool HeapDumpOnOutOfMemoryError               = true                                   {manageable} {command line}
   size_t InitialHeapSize                          = 268435456                                 {product} {command line}
   size_t MarkStackSize                            = 4194304                                   {product} {ergonomic}
   size_t MaxHeapSize                              = 536870912                                 {product} {command line}
   size_t MaxMetaspaceSize                         = 268435456                                 {product} {command line}
   size_t MaxNewSize                               = 321912832                                 {product} {ergonomic}
   size_t MinHeapDeltaBytes                        = 1048576                                   {product} {ergonomic}
   size_t MinHeapSize                              = 268435456                                 {product} {command line}
    uintx NonNMethodCodeHeapSize                   = 5839372                                {pd product} {ergonomic}
    uintx NonProfiledCodeHeapSize                  = 122909434                              {pd product} {ergonomic}
    uintx ProfiledCodeHeapSize                     = 122909434                              {pd product} {ergonomic}
    uintx ReservedCodeCacheSize                    = 251658240                              {pd product} {ergonomic}
     bool SegmentedCodeCache                       = true                                      {product} {ergonomic}
   size_t SoftMaxHeapSize                          = 536870912                              {manageable} {ergonomic}
     bool UseCompressedClassPointers               = true                           {product lp64_product} {ergonomic}
     bool UseCompressedOops                        = true                           {product lp64_product} {ergonomic}
     bool UseG1GC                                  = true                                      {product} {ergonomic}
     bool UseLargePagesIndividualAllocation        = false                                  {pd product} {ergonomic}

Logging:
Log output configuration:
 #0: stdout all=warning uptime,level,tags
 #1: stderr all=off uptime,level,tags

Environment Variables:
PATH=C:\Program Files\Eclipse Adoptium\jdk-21.0.3.9-hotspot\bin;C:\Program Files\Common Files\Oracle\Java\javapath;C:\WINDOWS\system32;C:\WINDOWS;C:\WINDOWS\System32\Wbem;C:\WINDOWS\System32\WindowsPowerShell\v1.0\;C:\WINDOWS\System32\OpenSSH\;C:\Program Files\Git\cmd;C:\Program Files\nodejs\;C:\Users\kraM\Desktop\JAVA\Apache\apache-maven-3.9.7\bin;C:\Users\kraM\AppData\Local\Programs\Python\Python312\Scripts\;C:\Users\kraM\AppData\Local\Programs\Python\Python312\;C:\Users\kraM\AppData\Local\Programs\Python\Launcher\;C:\Users\kraM\AppData\Local\Microsoft\WindowsApps;C:\Users\kraM\AppData\Local\Programs\Microsoft VS Code\bin;C:\Users\kraM\AppData\Roaming\npm
USERNAME=kraM
OS=Windows_NT
PROCESSOR_IDENTIFIER=Intel64 Family 6 Model 58 Stepping 9, GenuineIntel
TMP=C:\Users\kraM\AppData\Local\Temp
TEMP=C:\Users\kraM\AppData\Local\Temp



Periodic native trim disabled


---------------  S Y S T E M  ---------------

OS:
 Windows 10 , 64 bit Build 19041 (10.0.19041.3636)
OS uptime: 0 days 0:41 hours

CPU: total 8 (initial active 8) (4 cores per cpu, 2 threads per core) family 6 model 58 stepping 9 microcode 0x21, cx8, cmov, fxsr, ht, mmx, sse, sse2, sse3, ssse3, sse4.1, sse4.2, popcnt, tsc, tscinvbit, avx, aes, erms, clmul, vzeroupper, clflush
Processor Information for all 8 processors :
  Max Mhz: 3401, Current Mhz: 3401, Mhz Limit: 3401

Memory: 4k page, system-wide physical 32717M (24483M free)
TotalPageFile size 37581M (AvailPageFile size 27244M)
current process WorkingSet (physical memory assigned to process): 473M, peak: 487M
current process commit charge ("private bytes"): 536M, peak: 551M

vm_info: OpenJDK 64-Bit Server VM (17.0.11+9) for windows-amd64 JRE (17.0.11+9), built on Apr 17 2024 06:07:48 by "admin" with MS VC++ 16.10 / 16.11 (VS2019)

END.
